{"/Users/dannydavies/Documents/tfn/fares-data-build-tool/repos/fdbt-netex-output/src/netex-convertor/handler.ts": {"path":"/Users/dannydavies/Documents/tfn/fares-data-build-tool/repos/fdbt-netex-output/src/netex-convertor/handler.ts","statementMap":{"0":{"start":{"line":2,"column":0},"end":{"line":2,"column":30}},"1":{"start":{"line":3,"column":0},"end":{"line":3,"column":null}},"2":{"start":{"line":12,"column":0},"end":{"line":12,"column":105}},"3":{"start":{"line":13,"column":0},"end":{"line":13,"column":85}},"4":{"start":{"line":14,"column":0},"end":{"line":14,"column":38}},"5":{"start":{"line":15,"column":0},"end":{"line":15,"column":32}},"6":{"start":{"line":17,"column":12},"end":{"line":42,"column":2}},"7":{"start":{"line":44,"column":19},"end":{"line":53,"column":1}},"8":{"start":{"line":45,"column":4},"end":{"line":52,"column":null}},"9":{"start":{"line":46,"column":26},"end":{"line":46,"column":44}},"10":{"start":{"line":47,"column":33},"end":{"line":47,"column":55}},"11":{"start":{"line":49,"column":8},"end":{"line":49,"column":61}},"12":{"start":{"line":51,"column":8},"end":{"line":51,"column":50}},"13":{"start":{"line":55,"column":13},"end":{"line":55,"column":106}},"14":{"start":{"line":55,"column":67},"end":{"line":55,"column":105}},"15":{"start":{"line":57,"column":13},"end":{"line":124,"column":2}},"16":{"start":{"line":58,"column":4},"end":{"line":123,"column":null}},"17":{"start":{"line":59,"column":23},"end":{"line":59,"column":54}},"18":{"start":{"line":60,"column":27},"end":{"line":60,"column":97}},"19":{"start":{"line":61,"column":25},"end":{"line":61,"column":31}},"20":{"start":{"line":63,"column":8},"end":{"line":63,"column":70}},"21":{"start":{"line":65,"column":8},"end":{"line":119,"column":null}},"22":{"start":{"line":66,"column":53},"end":{"line":66,"column":59}},"23":{"start":{"line":67,"column":33},"end":{"line":67,"column":90}},"24":{"start":{"line":69,"column":29},"end":{"line":69,"column":92}},"25":{"start":{"line":70,"column":35},"end":{"line":70,"column":60}},"26":{"start":{"line":72,"column":29},"end":{"line":72,"column":57}},"27":{"start":{"line":74,"column":12},"end":{"line":74,"column":55}},"28":{"start":{"line":76,"column":12},"end":{"line":78,"column":null}},"29":{"start":{"line":77,"column":16},"end":{"line":77,"column":75}},"30":{"start":{"line":79,"column":15},"end":{"line":119,"column":null}},"31":{"start":{"line":80,"column":74},"end":{"line":80,"column":80}},"32":{"start":{"line":81,"column":43},"end":{"line":81,"column":45}},"33":{"start":{"line":82,"column":12},"end":{"line":102,"column":null}},"34":{"start":{"line":83,"column":16},"end":{"line":95,"column":null}},"35":{"start":{"line":84,"column":43},"end":{"line":84,"column":79}},"36":{"start":{"line":85,"column":20},"end":{"line":87,"column":null}},"37":{"start":{"line":86,"column":24},"end":{"line":86,"column":60}},"38":{"start":{"line":88,"column":20},"end":{"line":88,"column":75}},"39":{"start":{"line":89,"column":23},"end":{"line":95,"column":null}},"40":{"start":{"line":90,"column":43},"end":{"line":91,"column":null}},"41":{"start":{"line":91,"column":46},"end":{"line":91,"column":72}},"42":{"start":{"line":93,"column":20},"end":{"line":93,"column":56}},"43":{"start":{"line":94,"column":20},"end":{"line":94,"column":75}},"44":{"start":{"line":96,"column":19},"end":{"line":102,"column":null}},"45":{"start":{"line":101,"column":16},"end":{"line":101,"column":93}},"46":{"start":{"line":103,"column":29},"end":{"line":103,"column":87}},"47":{"start":{"line":104,"column":35},"end":{"line":104,"column":60}},"48":{"start":{"line":106,"column":29},"end":{"line":106,"column":57}},"49":{"start":{"line":108,"column":12},"end":{"line":108,"column":55}},"50":{"start":{"line":110,"column":12},"end":{"line":112,"column":null}},"51":{"start":{"line":111,"column":16},"end":{"line":111,"column":75}},"52":{"start":{"line":114,"column":12},"end":{"line":118,"column":14}},"53":{"start":{"line":121,"column":8},"end":{"line":121,"column":35}},"54":{"start":{"line":122,"column":8},"end":{"line":122,"column":31}},"55":{"start":{"line":126,"column":0},"end":{"line":126,"column":37}}},"fnMap":{"0":{"name":"(anonymous_7)","decl":{"start":{"line":44,"column":19},"end":{"line":44,"column":24}},"loc":{"start":{"line":44,"column":76},"end":{"line":53,"column":1}}},"1":{"name":"(anonymous_8)","decl":{"start":{"line":55,"column":32},"end":{"line":55,"column":33}},"loc":{"start":{"line":55,"column":67},"end":{"line":55,"column":105}}},"2":{"name":"(anonymous_9)","decl":{"start":{"line":57,"column":37},"end":{"line":57,"column":42}},"loc":{"start":{"line":57,"column":77},"end":{"line":124,"column":1}}},"3":{"name":"(anonymous_10)","decl":{"start":{"line":91,"column":24},"end":{"line":91,"column":42}},"loc":{"start":{"line":91,"column":46},"end":{"line":91,"column":72}}}},"branchMap":{"0":{"loc":{"start":{"line":45,"column":4},"end":{"line":52,"column":null}},"type":"if","locations":[{"start":{"line":45,"column":4},"end":{"line":52,"column":null}},{"start":{"line":45,"column":4},"end":{"line":52,"column":null}}]},"1":{"loc":{"start":{"line":65,"column":8},"end":{"line":119,"column":null}},"type":"if","locations":[{"start":{"line":65,"column":8},"end":{"line":119,"column":null}},{"start":{"line":65,"column":8},"end":{"line":119,"column":null}}]},"2":{"loc":{"start":{"line":65,"column":12},"end":{"line":65,"column":29}},"type":"binary-expr","locations":[{"start":{"line":65,"column":12},"end":{"line":65,"column":29}},{"start":{"line":65,"column":33},"end":{"line":65,"column":50}}]},"3":{"loc":{"start":{"line":76,"column":12},"end":{"line":78,"column":null}},"type":"if","locations":[{"start":{"line":76,"column":12},"end":{"line":78,"column":null}},{"start":{"line":76,"column":12},"end":{"line":78,"column":null}}]},"4":{"loc":{"start":{"line":79,"column":15},"end":{"line":119,"column":null}},"type":"if","locations":[{"start":{"line":79,"column":15},"end":{"line":119,"column":null}},{"start":{"line":79,"column":15},"end":{"line":119,"column":null}}]},"5":{"loc":{"start":{"line":79,"column":19},"end":{"line":79,"column":36}},"type":"binary-expr","locations":[{"start":{"line":79,"column":19},"end":{"line":79,"column":36}},{"start":{"line":79,"column":40},"end":{"line":79,"column":59}},{"start":{"line":79,"column":63},"end":{"line":79,"column":87}}]},"6":{"loc":{"start":{"line":82,"column":12},"end":{"line":102,"column":null}},"type":"if","locations":[{"start":{"line":82,"column":12},"end":{"line":102,"column":null}},{"start":{"line":82,"column":12},"end":{"line":102,"column":null}}]},"7":{"loc":{"start":{"line":83,"column":16},"end":{"line":95,"column":null}},"type":"if","locations":[{"start":{"line":83,"column":16},"end":{"line":95,"column":null}},{"start":{"line":83,"column":16},"end":{"line":95,"column":null}}]},"8":{"loc":{"start":{"line":83,"column":20},"end":{"line":83,"column":66}},"type":"binary-expr","locations":[{"start":{"line":83,"column":20},"end":{"line":83,"column":66}},{"start":{"line":83,"column":70},"end":{"line":83,"column":110}}]},"9":{"loc":{"start":{"line":85,"column":20},"end":{"line":87,"column":null}},"type":"if","locations":[{"start":{"line":85,"column":20},"end":{"line":87,"column":null}},{"start":{"line":85,"column":20},"end":{"line":87,"column":null}}]},"10":{"loc":{"start":{"line":89,"column":23},"end":{"line":95,"column":null}},"type":"if","locations":[{"start":{"line":89,"column":23},"end":{"line":95,"column":null}},{"start":{"line":89,"column":23},"end":{"line":95,"column":null}}]},"11":{"loc":{"start":{"line":96,"column":19},"end":{"line":102,"column":null}},"type":"if","locations":[{"start":{"line":96,"column":19},"end":{"line":102,"column":null}},{"start":{"line":96,"column":19},"end":{"line":102,"column":null}}]},"12":{"loc":{"start":{"line":97,"column":16},"end":{"line":97,"column":63}},"type":"binary-expr","locations":[{"start":{"line":97,"column":16},"end":{"line":97,"column":63}},{"start":{"line":98,"column":16},"end":{"line":98,"column":72}},{"start":{"line":99,"column":16},"end":{"line":99,"column":57}}]},"13":{"loc":{"start":{"line":110,"column":12},"end":{"line":112,"column":null}},"type":"if","locations":[{"start":{"line":110,"column":12},"end":{"line":112,"column":null}},{"start":{"line":110,"column":12},"end":{"line":112,"column":null}}]},"14":{"loc":{"start":{"line":110,"column":16},"end":{"line":110,"column":57}},"type":"binary-expr","locations":[{"start":{"line":110,"column":16},"end":{"line":110,"column":57}},{"start":{"line":110,"column":61},"end":{"line":110,"column":99}}]}},"s":{"0":1,"1":1,"2":1,"3":1,"4":1,"5":1,"6":1,"7":1,"8":9,"9":0,"10":0,"11":0,"12":9,"13":1,"14":10,"15":1,"16":10,"17":10,"18":10,"19":10,"20":10,"21":10,"22":2,"23":2,"24":2,"25":2,"26":2,"27":2,"28":2,"29":2,"30":8,"31":7,"32":7,"33":7,"34":1,"35":1,"36":1,"37":0,"38":1,"39":0,"40":0,"41":0,"42":0,"43":0,"44":6,"45":6,"46":7,"47":7,"48":7,"49":7,"50":7,"51":6,"52":1,"53":1,"54":1,"55":1},"f":{"0":9,"1":10,"2":10,"3":0},"b":{"0":[0,9],"1":[2,8],"2":[10,8],"3":[2,0],"4":[7,1],"5":[8,4,2],"6":[1,6],"7":[1,0],"8":[1,1],"9":[0,1],"10":[0,0],"11":[6,0],"12":[6,6,6],"13":[6,1],"14":[7,6]}}
,"/Users/dannydavies/Documents/tfn/fares-data-build-tool/repos/fdbt-netex-output/src/netex-convertor/sharedHelpers.ts": {"path":"/Users/dannydavies/Documents/tfn/fares-data-build-tool/repos/fdbt-netex-output/src/netex-convertor/sharedHelpers.ts","statementMap":{"0":{"start":{"line":1,"column":0},"end":{"line":1,"column":41}},"1":{"start":{"line":2,"column":0},"end":{"line":2,"column":43}},"2":{"start":{"line":3,"column":0},"end":{"line":3,"column":30}},"3":{"start":{"line":4,"column":0},"end":{"line":4,"column":20}},"4":{"start":{"line":5,"column":0},"end":{"line":5,"column":28}},"5":{"start":{"line":21,"column":13},"end":{"line":28,"column":2}},"6":{"start":{"line":22,"column":4},"end":{"line":26,"column":null}},"7":{"start":{"line":23,"column":29},"end":{"line":23,"column":50}},"8":{"start":{"line":25,"column":8},"end":{"line":25,"column":94}},"9":{"start":{"line":27,"column":4},"end":{"line":27,"column":14}},"10":{"start":{"line":30,"column":13},"end":{"line":39,"column":2}},"11":{"start":{"line":31,"column":4},"end":{"line":38,"column":null}},"12":{"start":{"line":32,"column":25},"end":{"line":32,"column":101}},"13":{"start":{"line":33,"column":21},"end":{"line":33,"column":90}},"14":{"start":{"line":35,"column":8},"end":{"line":35,"column":20}},"15":{"start":{"line":37,"column":8},"end":{"line":37,"column":83}},"16":{"start":{"line":41,"column":13},"end":{"line":46,"column":2}},"17":{"start":{"line":42,"column":34},"end":{"line":42,"column":71}},"18":{"start":{"line":43,"column":33},"end":{"line":43,"column":106}},"19":{"start":{"line":45,"column":4},"end":{"line":45,"column":32}},"20":{"start":{"line":48,"column":13},"end":{"line":49,"column":58}},"21":{"start":{"line":49,"column":5},"end":{"line":49,"column":57}},"22":{"start":{"line":51,"column":13},"end":{"line":67,"column":2}},"23":{"start":{"line":52,"column":4},"end":{"line":59,"column":null}},"24":{"start":{"line":53,"column":8},"end":{"line":58,"column":10}},"25":{"start":{"line":61,"column":4},"end":{"line":66,"column":6}},"26":{"start":{"line":69,"column":13},"end":{"line":82,"column":3}},"27":{"start":{"line":69,"column":76},"end":{"line":82,"column":3}},"28":{"start":{"line":84,"column":13},"end":{"line":129,"column":2}},"29":{"start":{"line":85,"column":4},"end":{"line":128,"column":6}},"30":{"start":{"line":110,"column":104},"end":{"line":123,"column":26}},"31":{"start":{"line":131,"column":16},"end":{"line":131,"column":81}},"32":{"start":{"line":131,"column":42},"end":{"line":131,"column":81}},"33":{"start":{"line":133,"column":21},"end":{"line":139,"column":1}},"34":{"start":{"line":134,"column":24},"end":{"line":134,"column":49}},"35":{"start":{"line":135,"column":22},"end":{"line":135,"column":45}},"36":{"start":{"line":136,"column":17},"end":{"line":136,"column":54}},"37":{"start":{"line":138,"column":4},"end":{"line":138,"column":57}},"38":{"start":{"line":141,"column":13},"end":{"line":163,"column":3}},"39":{"start":{"line":141,"column":94},"end":{"line":163,"column":2}},"40":{"start":{"line":165,"column":13},"end":{"line":186,"column":2}},"41":{"start":{"line":166,"column":4},"end":{"line":185,"column":6}},"42":{"start":{"line":179,"column":28},"end":{"line":179,"column":67}},"43":{"start":{"line":188,"column":13},"end":{"line":197,"column":2}},"44":{"start":{"line":189,"column":47},"end":{"line":194,"column":6}},"45":{"start":{"line":196,"column":4},"end":{"line":196,"column":34}},"46":{"start":{"line":199,"column":13},"end":{"line":205,"column":2}},"47":{"start":{"line":200,"column":4},"end":{"line":202,"column":null}},"48":{"start":{"line":201,"column":8},"end":{"line":201,"column":22}},"49":{"start":{"line":204,"column":4},"end":{"line":204,"column":19}}},"fnMap":{"0":{"name":"(anonymous_1)","decl":{"start":{"line":21,"column":31},"end":{"line":21,"column":32}},"loc":{"start":{"line":21,"column":62},"end":{"line":28,"column":1}}},"1":{"name":"(anonymous_2)","decl":{"start":{"line":30,"column":38},"end":{"line":30,"column":43}},"loc":{"start":{"line":30,"column":87},"end":{"line":39,"column":1}}},"2":{"name":"(anonymous_3)","decl":{"start":{"line":41,"column":32},"end":{"line":41,"column":33}},"loc":{"start":{"line":41,"column":79},"end":{"line":46,"column":1}}},"3":{"name":"(anonymous_4)","decl":{"start":{"line":48,"column":29},"end":{"line":48,"column":30}},"loc":{"start":{"line":49,"column":5},"end":{"line":49,"column":57}}},"4":{"name":"(anonymous_5)","decl":{"start":{"line":51,"column":29},"end":{"line":51,"column":30}},"loc":{"start":{"line":51,"column":105},"end":{"line":67,"column":1}}},"5":{"name":"(anonymous_6)","decl":{"start":{"line":69,"column":30},"end":{"line":69,"column":31}},"loc":{"start":{"line":69,"column":75},"end":{"line":82,"column":3}}},"6":{"name":"(anonymous_7)","decl":{"start":{"line":84,"column":31},"end":{"line":84,"column":32}},"loc":{"start":{"line":84,"column":78},"end":{"line":129,"column":1}}},"7":{"name":"(anonymous_8)","decl":{"start":{"line":110,"column":90},"end":{"line":110,"column":99}},"loc":{"start":{"line":110,"column":104},"end":{"line":123,"column":26}}},"8":{"name":"(anonymous_9)","decl":{"start":{"line":131,"column":16},"end":{"line":131,"column":17}},"loc":{"start":{"line":131,"column":42},"end":{"line":131,"column":81}}},"9":{"name":"(anonymous_10)","decl":{"start":{"line":133,"column":21},"end":{"line":133,"column":22}},"loc":{"start":{"line":133,"column":68},"end":{"line":139,"column":1}}},"10":{"name":"(anonymous_11)","decl":{"start":{"line":141,"column":38},"end":{"line":141,"column":39}},"loc":{"start":{"line":141,"column":94},"end":{"line":163,"column":2}}},"11":{"name":"(anonymous_12)","decl":{"start":{"line":165,"column":35},"end":{"line":165,"column":36}},"loc":{"start":{"line":165,"column":95},"end":{"line":186,"column":1}}},"12":{"name":"(anonymous_13)","decl":{"start":{"line":178,"column":61},"end":{"line":178,"column":76}},"loc":{"start":{"line":179,"column":28},"end":{"line":179,"column":67}}},"13":{"name":"(anonymous_14)","decl":{"start":{"line":188,"column":28},"end":{"line":188,"column":29}},"loc":{"start":{"line":188,"column":53},"end":{"line":197,"column":1}}},"14":{"name":"(anonymous_15)","decl":{"start":{"line":199,"column":37},"end":{"line":199,"column":38}},"loc":{"start":{"line":199,"column":65},"end":{"line":205,"column":1}}}},"branchMap":{"0":{"loc":{"start":{"line":22,"column":4},"end":{"line":26,"column":null}},"type":"if","locations":[{"start":{"line":22,"column":4},"end":{"line":26,"column":null}},{"start":{"line":22,"column":4},"end":{"line":26,"column":null}}]},"1":{"loc":{"start":{"line":25,"column":60},"end":{"line":25,"column":75}},"type":"cond-expr","locations":[{"start":{"line":25,"column":60},"end":{"line":25,"column":75}},{"start":{"line":25,"column":78},"end":{"line":25,"column":93}}]},"2":{"loc":{"start":{"line":25,"column":15},"end":{"line":25,"column":38}},"type":"binary-expr","locations":[{"start":{"line":25,"column":15},"end":{"line":25,"column":38}},{"start":{"line":25,"column":42},"end":{"line":25,"column":57}}]},"3":{"loc":{"start":{"line":52,"column":4},"end":{"line":59,"column":null}},"type":"if","locations":[{"start":{"line":52,"column":4},"end":{"line":59,"column":null}},{"start":{"line":52,"column":4},"end":{"line":59,"column":null}}]},"4":{"loc":{"start":{"line":76,"column":80},"end":{"line":76,"column":86}},"type":"cond-expr","locations":[{"start":{"line":76,"column":80},"end":{"line":76,"column":86}},{"start":{"line":76,"column":89},"end":{"line":76,"column":null}}]},"5":{"loc":{"start":{"line":76,"column":12},"end":{"line":76,"column":43}},"type":"binary-expr","locations":[{"start":{"line":76,"column":12},"end":{"line":76,"column":43}},{"start":{"line":76,"column":47},"end":{"line":76,"column":77}}]},"6":{"loc":{"start":{"line":79,"column":22},"end":{"line":79,"column":38}},"type":"binary-expr","locations":[{"start":{"line":79,"column":22},"end":{"line":79,"column":38}},{"start":{"line":79,"column":42},"end":{"line":79,"column":46}}]},"7":{"loc":{"start":{"line":80,"column":22},"end":{"line":80,"column":38}},"type":"binary-expr","locations":[{"start":{"line":80,"column":22},"end":{"line":80,"column":38}},{"start":{"line":80,"column":42},"end":{"line":80,"column":46}}]},"8":{"loc":{"start":{"line":81,"column":25},"end":{"line":81,"column":59}},"type":"binary-expr","locations":[{"start":{"line":81,"column":25},"end":{"line":81,"column":59}},{"start":{"line":81,"column":59},"end":{"line":81,"column":63}}]},"9":{"loc":{"start":{"line":81,"column":44},"end":{"line":81,"column":46}},"type":"cond-expr","locations":[{"start":{"line":81,"column":44},"end":{"line":81,"column":46}},{"start":{"line":81,"column":44},"end":{"line":81,"column":59}}]},"10":{"loc":{"start":{"line":81,"column":25},"end":{"line":81,"column":46}},"type":"binary-expr","locations":[{"start":{"line":81,"column":25},"end":{"line":81,"column":46}},{"start":{"line":81,"column":44},"end":{"line":81,"column":46}}]},"11":{"loc":{"start":{"line":118,"column":36},"end":{"line":118,"column":55}},"type":"binary-expr","locations":[{"start":{"line":118,"column":36},"end":{"line":118,"column":55}},{"start":{"line":118,"column":59},"end":{"line":118,"column":63}}]},"12":{"loc":{"start":{"line":121,"column":36},"end":{"line":121,"column":55}},"type":"binary-expr","locations":[{"start":{"line":121,"column":36},"end":{"line":121,"column":55}},{"start":{"line":121,"column":59},"end":{"line":121,"column":63}}]},"13":{"loc":{"start":{"line":145,"column":40},"end":{"line":145,"column":74}},"type":"cond-expr","locations":[{"start":{"line":145,"column":40},"end":{"line":145,"column":74}},{"start":{"line":145,"column":77},"end":{"line":145,"column":81}}]},"14":{"loc":{"start":{"line":150,"column":18},"end":{"line":150,"column":82}},"type":"cond-expr","locations":[{"start":{"line":150,"column":18},"end":{"line":150,"column":82}},{"start":{"line":151,"column":18},"end":{"line":151,"column":22}}]},"15":{"loc":{"start":{"line":149,"column":12},"end":{"line":149,"column":37}},"type":"binary-expr","locations":[{"start":{"line":149,"column":12},"end":{"line":149,"column":37}},{"start":{"line":149,"column":41},"end":{"line":149,"column":64}}]},"16":{"loc":{"start":{"line":156,"column":60},"end":{"line":156,"column":70}},"type":"cond-expr","locations":[{"start":{"line":156,"column":60},"end":{"line":156,"column":70}},{"start":{"line":156,"column":73},"end":{"line":156,"column":104}}]},"17":{"loc":{"start":{"line":159,"column":60},"end":{"line":159,"column":77}},"type":"cond-expr","locations":[{"start":{"line":159,"column":60},"end":{"line":159,"column":77}},{"start":{"line":159,"column":80},"end":{"line":159,"column":84}}]},"18":{"loc":{"start":{"line":196,"column":24},"end":{"line":196,"column":28}},"type":"cond-expr","locations":[{"start":{"line":196,"column":24},"end":{"line":196,"column":28}},{"start":{"line":196,"column":28},"end":{"line":196,"column":33}}]},"19":{"loc":{"start":{"line":196,"column":4},"end":{"line":196,"column":28}},"type":"binary-expr","locations":[{"start":{"line":196,"column":4},"end":{"line":196,"column":28}},{"start":{"line":196,"column":24},"end":{"line":196,"column":28}}]},"20":{"loc":{"start":{"line":200,"column":4},"end":{"line":202,"column":null}},"type":"if","locations":[{"start":{"line":200,"column":4},"end":{"line":202,"column":null}},{"start":{"line":200,"column":4},"end":{"line":202,"column":null}}]}},"s":{"0":5,"1":5,"2":5,"3":5,"4":5,"5":5,"6":10,"7":10,"8":10,"9":0,"10":5,"11":4,"12":4,"13":4,"14":4,"15":0,"16":5,"17":4,"18":4,"19":4,"20":5,"21":45,"22":5,"23":12,"24":0,"25":12,"26":5,"27":17,"28":5,"29":0,"30":0,"31":5,"32":5,"33":5,"34":5,"35":5,"36":5,"37":5,"38":5,"39":9,"40":5,"41":2,"42":9,"43":5,"44":11,"45":11,"46":5,"47":141,"48":0,"49":141},"f":{"0":10,"1":4,"2":4,"3":45,"4":12,"5":17,"6":0,"7":0,"8":5,"9":5,"10":9,"11":2,"12":9,"13":11,"14":141},"b":{"0":[10,0],"1":[0,10],"2":[10,0],"3":[0,12],"4":[11,6],"5":[17,8],"6":[17,9],"7":[17,9],"8":[17,12],"9":[12,5],"10":[17,17],"11":[0,0],"12":[0,0],"13":[5,4],"14":[5,4],"15":[9,5],"16":[1,8],"17":[1,8],"18":[0,11],"19":[11,11],"20":[0,141]}}
,"/Users/dannydavies/Documents/tfn/fares-data-build-tool/repos/fdbt-netex-output/src/netex-convertor/data/auroradb.ts": {"path":"/Users/dannydavies/Documents/tfn/fares-data-build-tool/repos/fdbt-netex-output/src/netex-convertor/data/auroradb.ts","statementMap":{"0":{"start":{"line":1,"column":0},"end":{"line":1,"column":50}},"1":{"start":{"line":2,"column":0},"end":{"line":2,"column":44}},"2":{"start":{"line":4,"column":0},"end":{"line":4,"column":57}},"3":{"start":{"line":6,"column":13},"end":{"line":32,"column":2}},"4":{"start":{"line":9,"column":4},"end":{"line":29,"column":null}},"5":{"start":{"line":10,"column":8},"end":{"line":18,"column":11}},"6":{"start":{"line":20,"column":8},"end":{"line":28,"column":11}},"7":{"start":{"line":31,"column":4},"end":{"line":31,"column":18}},"8":{"start":{"line":36,"column":21},"end":{"line":42,"column":1}},"9":{"start":{"line":37,"column":4},"end":{"line":39,"column":null}},"10":{"start":{"line":38,"column":8},"end":{"line":38,"column":45}},"11":{"start":{"line":40,"column":19},"end":{"line":40,"column":62}},"12":{"start":{"line":41,"column":4},"end":{"line":41,"column":44}},"13":{"start":{"line":44,"column":13},"end":{"line":67,"column":2}},"14":{"start":{"line":45,"column":4},"end":{"line":66,"column":null}},"15":{"start":{"line":46,"column":39},"end":{"line":46,"column":86}},"16":{"start":{"line":46,"column":59},"end":{"line":46,"column":85}},"17":{"start":{"line":47,"column":29},"end":{"line":47,"column":66}},"18":{"start":{"line":47,"column":52},"end":{"line":47,"column":55}},"19":{"start":{"line":49,"column":27},"end":{"line":55,"column":10}},"20":{"start":{"line":57,"column":29},"end":{"line":57,"column":85}},"21":{"start":{"line":59,"column":8},"end":{"line":61,"column":null}},"22":{"start":{"line":60,"column":12},"end":{"line":60,"column":94}},"23":{"start":{"line":63,"column":8},"end":{"line":63,"column":28}},"24":{"start":{"line":65,"column":8},"end":{"line":65,"column":88}},"25":{"start":{"line":69,"column":13},"end":{"line":86,"column":2}},"26":{"start":{"line":70,"column":4},"end":{"line":85,"column":null}},"27":{"start":{"line":71,"column":33},"end":{"line":71,"column":63}},"28":{"start":{"line":72,"column":27},"end":{"line":72,"column":117}},"29":{"start":{"line":74,"column":28},"end":{"line":74,"column":99}},"30":{"start":{"line":76,"column":32},"end":{"line":76,"column":46}},"31":{"start":{"line":78,"column":8},"end":{"line":80,"column":null}},"32":{"start":{"line":79,"column":12},"end":{"line":79,"column":100}},"33":{"start":{"line":82,"column":8},"end":{"line":82,"column":31}},"34":{"start":{"line":84,"column":8},"end":{"line":84,"column":92}}},"fnMap":{"0":{"name":"(anonymous_1)","decl":{"start":{"line":6,"column":33},"end":{"line":6,"column":42}},"loc":{"start":{"line":6,"column":44},"end":{"line":32,"column":1}}},"1":{"name":"(anonymous_2)","decl":{"start":{"line":36,"column":21},"end":{"line":36,"column":26}},"loc":{"start":{"line":36,"column":78},"end":{"line":42,"column":1}}},"2":{"name":"(anonymous_3)","decl":{"start":{"line":44,"column":40},"end":{"line":44,"column":45}},"loc":{"start":{"line":44,"column":90},"end":{"line":67,"column":1}}},"3":{"name":"(anonymous_4)","decl":{"start":{"line":46,"column":52},"end":{"line":46,"column":55}},"loc":{"start":{"line":46,"column":59},"end":{"line":46,"column":85}}},"4":{"name":"(anonymous_5)","decl":{"start":{"line":47,"column":46},"end":{"line":47,"column":49}},"loc":{"start":{"line":47,"column":52},"end":{"line":47,"column":55}}},"5":{"name":"(anonymous_6)","decl":{"start":{"line":69,"column":54},"end":{"line":69,"column":59}},"loc":{"start":{"line":69,"column":116},"end":{"line":86,"column":1}}}},"branchMap":{"0":{"loc":{"start":{"line":9,"column":4},"end":{"line":29,"column":null}},"type":"if","locations":[{"start":{"line":9,"column":4},"end":{"line":29,"column":null}},{"start":{"line":9,"column":4},"end":{"line":29,"column":null}}]},"1":{"loc":{"start":{"line":9,"column":8},"end":{"line":9,"column":46}},"type":"binary-expr","locations":[{"start":{"line":9,"column":8},"end":{"line":9,"column":46}},{"start":{"line":9,"column":50},"end":{"line":9,"column":81}}]},"2":{"loc":{"start":{"line":37,"column":4},"end":{"line":39,"column":null}},"type":"if","locations":[{"start":{"line":37,"column":4},"end":{"line":39,"column":null}},{"start":{"line":37,"column":4},"end":{"line":39,"column":null}}]},"3":{"loc":{"start":{"line":59,"column":8},"end":{"line":61,"column":null}},"type":"if","locations":[{"start":{"line":59,"column":8},"end":{"line":61,"column":null}},{"start":{"line":59,"column":8},"end":{"line":61,"column":null}}]},"4":{"loc":{"start":{"line":78,"column":8},"end":{"line":80,"column":null}},"type":"if","locations":[{"start":{"line":78,"column":8},"end":{"line":80,"column":null}},{"start":{"line":78,"column":8},"end":{"line":80,"column":null}}]}},"s":{"0":2,"1":2,"2":2,"3":2,"4":0,"5":0,"6":0,"7":0,"8":2,"9":0,"10":0,"11":0,"12":0,"13":2,"14":0,"15":0,"16":0,"17":0,"18":0,"19":0,"20":0,"21":0,"22":0,"23":0,"24":0,"25":2,"26":0,"27":0,"28":0,"29":0,"30":0,"31":0,"32":0,"33":0,"34":0},"f":{"0":0,"1":0,"2":0,"3":0,"4":0,"5":0},"b":{"0":[0,0],"1":[0,0],"2":[0,0],"3":[0,0],"4":[0,0]}}
,"/Users/dannydavies/Documents/tfn/fares-data-build-tool/repos/fdbt-netex-output/src/netex-convertor/data/s3.ts": {"path":"/Users/dannydavies/Documents/tfn/fares-data-build-tool/repos/fdbt-netex-output/src/netex-convertor/data/s3.ts","statementMap":{"0":{"start":{"line":2,"column":0},"end":{"line":2,"column":26}},"1":{"start":{"line":4,"column":20},"end":{"line":17,"column":1}},"2":{"start":{"line":5,"column":18},"end":{"line":5,"column":20}},"3":{"start":{"line":7,"column":4},"end":{"line":14,"column":null}},"4":{"start":{"line":8,"column":8},"end":{"line":13,"column":10}},"5":{"start":{"line":16,"column":4},"end":{"line":16,"column":31}},"6":{"start":{"line":19,"column":11},"end":{"line":19,"column":24}},"7":{"start":{"line":21,"column":13},"end":{"line":39,"column":2}},"8":{"start":{"line":22,"column":4},"end":{"line":38,"column":null}},"9":{"start":{"line":23,"column":37},"end":{"line":23,"column":68}},"10":{"start":{"line":24,"column":35},"end":{"line":24,"column":105}},"11":{"start":{"line":25,"column":26},"end":{"line":33,"column":43}},"12":{"start":{"line":34,"column":33},"end":{"line":34,"column":57}},"13":{"start":{"line":35,"column":8},"end":{"line":35,"column":26}},"14":{"start":{"line":37,"column":8},"end":{"line":37,"column":66}},"15":{"start":{"line":41,"column":13},"end":{"line":56,"column":2}},"16":{"start":{"line":42,"column":4},"end":{"line":55,"column":null}},"17":{"start":{"line":43,"column":8},"end":{"line":43,"column":52}},"18":{"start":{"line":45,"column":8},"end":{"line":52,"column":23}},"19":{"start":{"line":54,"column":8},"end":{"line":54,"column":69}}},"fnMap":{"0":{"name":"(anonymous_1)","decl":{"start":{"line":4,"column":20},"end":{"line":4,"column":31}},"loc":{"start":{"line":4,"column":33},"end":{"line":17,"column":1}}},"1":{"name":"(anonymous_2)","decl":{"start":{"line":21,"column":31},"end":{"line":21,"column":36}},"loc":{"start":{"line":21,"column":70},"end":{"line":39,"column":1}}},"2":{"name":"(anonymous_3)","decl":{"start":{"line":41,"column":31},"end":{"line":41,"column":36}},"loc":{"start":{"line":41,"column":88},"end":{"line":56,"column":1}}}},"branchMap":{"0":{"loc":{"start":{"line":7,"column":4},"end":{"line":14,"column":null}},"type":"if","locations":[{"start":{"line":7,"column":4},"end":{"line":14,"column":null}},{"start":{"line":7,"column":4},"end":{"line":14,"column":null}}]},"1":{"loc":{"start":{"line":33,"column":36},"end":{"line":33,"column":41}},"type":"cond-expr","locations":[{"start":{"line":33,"column":36},"end":{"line":33,"column":41}},{"start":{"line":33,"column":41},"end":{"line":33,"column":43}}]},"2":{"loc":{"start":{"line":25,"column":26},"end":{"line":33,"column":41}},"type":"binary-expr","locations":[{"start":{"line":25,"column":26},"end":{"line":33,"column":41}},{"start":{"line":33,"column":36},"end":{"line":33,"column":41}}]},"3":{"loc":{"start":{"line":33,"column":18},"end":{"line":33,"column":20}},"type":"cond-expr","locations":[{"start":{"line":33,"column":18},"end":{"line":33,"column":20}},{"start":{"line":33,"column":18},"end":{"line":33,"column":41}}]},"4":{"loc":{"start":{"line":25,"column":26},"end":{"line":33,"column":20}},"type":"binary-expr","locations":[{"start":{"line":25,"column":26},"end":{"line":33,"column":20}},{"start":{"line":33,"column":18},"end":{"line":33,"column":20}}]}},"s":{"0":1,"1":1,"2":1,"3":1,"4":0,"5":1,"6":1,"7":1,"8":0,"9":0,"10":0,"11":0,"12":0,"13":0,"14":0,"15":1,"16":0,"17":0,"18":0,"19":0},"f":{"0":1,"1":0,"2":0},"b":{"0":[0,1],"1":[0,0],"2":[0,0],"3":[0,0],"4":[0,0]}}
,"/Users/dannydavies/Documents/tfn/fares-data-build-tool/repos/fdbt-netex-output/src/netex-convertor/period-tickets/periodTicketNetexGenerator.ts": {"path":"/Users/dannydavies/Documents/tfn/fares-data-build-tool/repos/fdbt-netex-output/src/netex-convertor/period-tickets/periodTicketNetexGenerator.ts","statementMap":{"0":{"start":{"line":1,"column":0},"end":{"line":1,"column":null}},"1":{"start":{"line":10,"column":0},"end":{"line":10,"column":null}},"2":{"start":{"line":27,"column":0},"end":{"line":27,"column":null}},"3":{"start":{"line":37,"column":35},"end":{"line":351,"column":1}},"4":{"start":{"line":41,"column":29},"end":{"line":43,"column":102}},"5":{"start":{"line":43,"column":40},"end":{"line":43,"column":101}},"6":{"start":{"line":44,"column":31},"end":{"line":46,"column":34}},"7":{"start":{"line":48,"column":4},"end":{"line":50,"column":null}},"8":{"start":{"line":49,"column":8},"end":{"line":49,"column":56}},"9":{"start":{"line":52,"column":26},"end":{"line":52,"column":56}},"10":{"start":{"line":53,"column":29},"end":{"line":55,"column":6}},"11":{"start":{"line":56,"column":24},"end":{"line":56,"column":44}},"12":{"start":{"line":57,"column":20},"end":{"line":57,"column":61}},"13":{"start":{"line":58,"column":43},"end":{"line":58,"column":75}},"14":{"start":{"line":59,"column":23},"end":{"line":59,"column":55}},"15":{"start":{"line":60,"column":29},"end":{"line":60,"column":89}},"16":{"start":{"line":62,"column":39},"end":{"line":67,"column":5}},"17":{"start":{"line":63,"column":45},"end":{"line":63,"column":72}},"18":{"start":{"line":64,"column":8},"end":{"line":64,"column":75}},"19":{"start":{"line":66,"column":8},"end":{"line":66,"column":44}},"20":{"start":{"line":69,"column":37},"end":{"line":104,"column":5}},"21":{"start":{"line":70,"column":43},"end":{"line":70,"column":68}},"22":{"start":{"line":71,"column":8},"end":{"line":71,"column":69}},"23":{"start":{"line":72,"column":8},"end":{"line":72,"column":103}},"24":{"start":{"line":73,"column":8},"end":{"line":75,"column":27}},"25":{"start":{"line":77,"column":8},"end":{"line":89,"column":null}},"26":{"start":{"line":78,"column":12},"end":{"line":81,"column":14}},"27":{"start":{"line":82,"column":12},"end":{"line":83,"column":29}},"28":{"start":{"line":85,"column":12},"end":{"line":85,"column":137}},"29":{"start":{"line":86,"column":12},"end":{"line":86,"column":133}},"30":{"start":{"line":87,"column":12},"end":{"line":88,"column":37}},"31":{"start":{"line":91,"column":8},"end":{"line":96,"column":10}},"32":{"start":{"line":92,"column":24},"end":{"line":95,"column":14}},"33":{"start":{"line":98,"column":8},"end":{"line":101,"column":10}},"34":{"start":{"line":103,"column":8},"end":{"line":103,"column":42}},"35":{"start":{"line":106,"column":33},"end":{"line":119,"column":5}},"36":{"start":{"line":107,"column":39},"end":{"line":107,"column":60}},"37":{"start":{"line":108,"column":29},"end":{"line":110,"column":43}},"38":{"start":{"line":112,"column":8},"end":{"line":114,"column":64}},"39":{"start":{"line":115,"column":8},"end":{"line":115,"column":69}},"40":{"start":{"line":116,"column":8},"end":{"line":116,"column":84}},"41":{"start":{"line":118,"column":8},"end":{"line":118,"column":38}},"42":{"start":{"line":121,"column":32},"end":{"line":177,"column":5}},"43":{"start":{"line":122,"column":38},"end":{"line":122,"column":58}},"44":{"start":{"line":123,"column":35},"end":{"line":125,"column":49}},"45":{"start":{"line":127,"column":8},"end":{"line":127,"column":118}},"46":{"start":{"line":128,"column":8},"end":{"line":128,"column":73}},"47":{"start":{"line":129,"column":8},"end":{"line":129,"column":90}},"48":{"start":{"line":130,"column":8},"end":{"line":130,"column":155}},"49":{"start":{"line":131,"column":8},"end":{"line":131,"column":156}},"50":{"start":{"line":132,"column":8},"end":{"line":132,"column":155}},"51":{"start":{"line":133,"column":8},"end":{"line":133,"column":156}},"52":{"start":{"line":134,"column":8},"end":{"line":134,"column":87}},"53":{"start":{"line":135,"column":8},"end":{"line":135,"column":100}},"54":{"start":{"line":136,"column":8},"end":{"line":136,"column":88}},"55":{"start":{"line":138,"column":8},"end":{"line":174,"column":null}},"56":{"start":{"line":142,"column":25},"end":{"line":142,"column":61}},"57":{"start":{"line":143,"column":12},"end":{"line":148,"column":null}},"58":{"start":{"line":144,"column":16},"end":{"line":144,"column":52}},"59":{"start":{"line":145,"column":16},"end":{"line":145,"column":94}},"60":{"start":{"line":146,"column":19},"end":{"line":148,"column":null}},"61":{"start":{"line":147,"column":16},"end":{"line":147,"column":112}},"62":{"start":{"line":149,"column":12},"end":{"line":149,"column":88}},"63":{"start":{"line":150,"column":15},"end":{"line":174,"column":null}},"64":{"start":{"line":154,"column":35},"end":{"line":155,"column":null}},"65":{"start":{"line":155,"column":38},"end":{"line":155,"column":64}},"66":{"start":{"line":157,"column":12},"end":{"line":157,"column":48}},"67":{"start":{"line":158,"column":12},"end":{"line":158,"column":90}},"68":{"start":{"line":159,"column":12},"end":{"line":159,"column":88}},"69":{"start":{"line":160,"column":15},"end":{"line":174,"column":null}},"70":{"start":{"line":165,"column":12},"end":{"line":165,"column":79}},"71":{"start":{"line":166,"column":12},"end":{"line":166,"column":92}},"72":{"start":{"line":167,"column":12},"end":{"line":167,"column":86}},"73":{"start":{"line":168,"column":12},"end":{"line":168,"column":102}},"74":{"start":{"line":169,"column":12},"end":{"line":169,"column":110}},"75":{"start":{"line":170,"column":12},"end":{"line":170,"column":108}},"76":{"start":{"line":171,"column":12},"end":{"line":171,"column":89}},"77":{"start":{"line":172,"column":12},"end":{"line":172,"column":103}},"78":{"start":{"line":173,"column":12},"end":{"line":173,"column":110}},"79":{"start":{"line":176,"column":8},"end":{"line":176,"column":37}},"80":{"start":{"line":179,"column":31},"end":{"line":190,"column":5}},"81":{"start":{"line":180,"column":8},"end":{"line":187,"column":null}},"82":{"start":{"line":181,"column":41},"end":{"line":181,"column":60}},"83":{"start":{"line":182,"column":12},"end":{"line":182,"column":139}},"84":{"start":{"line":184,"column":12},"end":{"line":184,"column":100}},"85":{"start":{"line":186,"column":12},"end":{"line":186,"column":40}},"86":{"start":{"line":189,"column":8},"end":{"line":189,"column":20}},"87":{"start":{"line":192,"column":35},"end":{"line":214,"column":5}},"88":{"start":{"line":193,"column":8},"end":{"line":211,"column":null}},"89":{"start":{"line":194,"column":45},"end":{"line":194,"column":68}},"90":{"start":{"line":196,"column":12},"end":{"line":196,"column":144}},"91":{"start":{"line":197,"column":12},"end":{"line":197,"column":91}},"92":{"start":{"line":198,"column":12},"end":{"line":198,"column":157}},"93":{"start":{"line":200,"column":12},"end":{"line":200,"column":129}},"94":{"start":{"line":201,"column":12},"end":{"line":201,"column":97}},"95":{"start":{"line":202,"column":12},"end":{"line":202,"column":143}},"96":{"start":{"line":203,"column":12},"end":{"line":205,"column":14}},"97":{"start":{"line":206,"column":12},"end":{"line":208,"column":14}},"98":{"start":{"line":210,"column":12},"end":{"line":210,"column":44}},"99":{"start":{"line":213,"column":8},"end":{"line":213,"column":20}},"100":{"start":{"line":216,"column":33},"end":{"line":293,"column":5}},"101":{"start":{"line":217,"column":39},"end":{"line":217,"column":60}},"102":{"start":{"line":219,"column":8},"end":{"line":219,"column":138}},"103":{"start":{"line":221,"column":8},"end":{"line":225,"column":null}},"104":{"start":{"line":222,"column":12},"end":{"line":222,"column":170}},"105":{"start":{"line":223,"column":15},"end":{"line":225,"column":null}},"106":{"start":{"line":224,"column":12},"end":{"line":224,"column":56}},"107":{"start":{"line":226,"column":8},"end":{"line":226,"column":97}},"108":{"start":{"line":228,"column":8},"end":{"line":236,"column":null}},"109":{"start":{"line":229,"column":12},"end":{"line":235,"column":14}},"110":{"start":{"line":237,"column":8},"end":{"line":243,"column":10}},"111":{"start":{"line":244,"column":8},"end":{"line":244,"column":101}},"112":{"start":{"line":245,"column":8},"end":{"line":245,"column":118}},"113":{"start":{"line":247,"column":8},"end":{"line":257,"column":null}},"114":{"start":{"line":248,"column":12},"end":{"line":251,"column":14}},"115":{"start":{"line":252,"column":12},"end":{"line":252,"column":69}},"116":{"start":{"line":254,"column":12},"end":{"line":254,"column":85}},"117":{"start":{"line":255,"column":12},"end":{"line":255,"column":81}},"118":{"start":{"line":256,"column":12},"end":{"line":256,"column":77}},"119":{"start":{"line":260,"column":8},"end":{"line":267,"column":null}},"120":{"start":{"line":264,"column":12},"end":{"line":264,"column":114}},"121":{"start":{"line":266,"column":12},"end":{"line":266,"column":71}},"122":{"start":{"line":269,"column":8},"end":{"line":273,"column":null}},"123":{"start":{"line":270,"column":12},"end":{"line":272,"column":14}},"124":{"start":{"line":276,"column":8},"end":{"line":279,"column":10}},"125":{"start":{"line":282,"column":8},"end":{"line":286,"column":10}},"126":{"start":{"line":289,"column":35},"end":{"line":289,"column":95}},"127":{"start":{"line":290,"column":8},"end":{"line":290,"column":96}},"128":{"start":{"line":292,"column":8},"end":{"line":292,"column":38}},"129":{"start":{"line":295,"column":37},"end":{"line":315,"column":5}},"130":{"start":{"line":296,"column":43},"end":{"line":296,"column":68}},"131":{"start":{"line":298,"column":8},"end":{"line":298,"column":140}},"132":{"start":{"line":299,"column":8},"end":{"line":299,"column":88}},"133":{"start":{"line":300,"column":8},"end":{"line":300,"column":170}},"134":{"start":{"line":302,"column":8},"end":{"line":313,"column":null}},"135":{"start":{"line":303,"column":12},"end":{"line":307,"column":14}},"136":{"start":{"line":308,"column":15},"end":{"line":313,"column":null}},"137":{"start":{"line":309,"column":12},"end":{"line":312,"column":14}},"138":{"start":{"line":314,"column":8},"end":{"line":314,"column":42}},"139":{"start":{"line":317,"column":21},"end":{"line":348,"column":5}},"140":{"start":{"line":318,"column":26},"end":{"line":318,"column":102}},"141":{"start":{"line":320,"column":8},"end":{"line":320,"column":98}},"142":{"start":{"line":321,"column":8},"end":{"line":323,"column":10}},"143":{"start":{"line":324,"column":8},"end":{"line":326,"column":10}},"144":{"start":{"line":328,"column":28},"end":{"line":328,"column":94}},"145":{"start":{"line":329,"column":8},"end":{"line":329,"column":83}},"146":{"start":{"line":331,"column":8},"end":{"line":331,"column":80}},"147":{"start":{"line":334,"column":8},"end":{"line":345,"column":null}},"148":{"start":{"line":335,"column":12},"end":{"line":339,"column":14}},"149":{"start":{"line":340,"column":15},"end":{"line":345,"column":null}},"150":{"start":{"line":341,"column":12},"end":{"line":344,"column":14}},"151":{"start":{"line":347,"column":8},"end":{"line":347,"column":43}},"152":{"start":{"line":350,"column":4},"end":{"line":350,"column":24}},"153":{"start":{"line":353,"column":0},"end":{"line":353,"column":42}}},"fnMap":{"0":{"name":"(anonymous_0)","decl":{"start":{"line":37,"column":35},"end":{"line":37,"column":null}},"loc":{"start":{"line":40,"column":28},"end":{"line":351,"column":1}}},"1":{"name":"(anonymous_1)","decl":{"start":{"line":43,"column":28},"end":{"line":43,"column":36}},"loc":{"start":{"line":43,"column":40},"end":{"line":43,"column":101}}},"2":{"name":"(anonymous_2)","decl":{"start":{"line":62,"column":39},"end":{"line":62,"column":40}},"loc":{"start":{"line":62,"column":90},"end":{"line":67,"column":5}}},"3":{"name":"(anonymous_3)","decl":{"start":{"line":69,"column":37},"end":{"line":69,"column":38}},"loc":{"start":{"line":69,"column":86},"end":{"line":104,"column":5}}},"4":{"name":"(anonymous_4)","decl":{"start":{"line":92,"column":12},"end":{"line":92,"column":19}},"loc":{"start":{"line":92,"column":24},"end":{"line":95,"column":14}}},"5":{"name":"(anonymous_5)","decl":{"start":{"line":106,"column":33},"end":{"line":106,"column":34}},"loc":{"start":{"line":106,"column":78},"end":{"line":119,"column":5}}},"6":{"name":"(anonymous_6)","decl":{"start":{"line":121,"column":32},"end":{"line":121,"column":33}},"loc":{"start":{"line":121,"column":76},"end":{"line":177,"column":5}}},"7":{"name":"(anonymous_7)","decl":{"start":{"line":155,"column":16},"end":{"line":155,"column":34}},"loc":{"start":{"line":155,"column":38},"end":{"line":155,"column":64}}},"8":{"name":"(anonymous_8)","decl":{"start":{"line":179,"column":31},"end":{"line":179,"column":32}},"loc":{"start":{"line":179,"column":81},"end":{"line":190,"column":5}}},"9":{"name":"(anonymous_9)","decl":{"start":{"line":192,"column":35},"end":{"line":192,"column":36}},"loc":{"start":{"line":192,"column":89},"end":{"line":214,"column":5}}},"10":{"name":"(anonymous_10)","decl":{"start":{"line":216,"column":33},"end":{"line":216,"column":34}},"loc":{"start":{"line":216,"column":78},"end":{"line":293,"column":5}}},"11":{"name":"(anonymous_11)","decl":{"start":{"line":295,"column":37},"end":{"line":295,"column":38}},"loc":{"start":{"line":295,"column":86},"end":{"line":315,"column":5}}},"12":{"name":"(anonymous_12)","decl":{"start":{"line":317,"column":21},"end":{"line":317,"column":26}},"loc":{"start":{"line":317,"column":49},"end":{"line":348,"column":5}}}},"branchMap":{"0":{"loc":{"start":{"line":42,"column":10},"end":{"line":42,"column":53}},"type":"cond-expr","locations":[{"start":{"line":42,"column":10},"end":{"line":42,"column":53}},{"start":{"line":43,"column":10},"end":{"line":43,"column":102}}]},"1":{"loc":{"start":{"line":45,"column":10},"end":{"line":45,"column":95}},"type":"cond-expr","locations":[{"start":{"line":45,"column":10},"end":{"line":45,"column":95}},{"start":{"line":46,"column":10},"end":{"line":46,"column":34}}]},"2":{"loc":{"start":{"line":48,"column":4},"end":{"line":50,"column":null}},"type":"if","locations":[{"start":{"line":48,"column":4},"end":{"line":50,"column":null}},{"start":{"line":48,"column":4},"end":{"line":50,"column":null}}]},"3":{"loc":{"start":{"line":54,"column":51},"end":{"line":54,"column":69}},"type":"cond-expr","locations":[{"start":{"line":54,"column":51},"end":{"line":54,"column":69}},{"start":{"line":54,"column":72},"end":{"line":54,"column":null}}]},"4":{"loc":{"start":{"line":74,"column":48},"end":{"line":74,"column":57}},"type":"cond-expr","locations":[{"start":{"line":74,"column":48},"end":{"line":74,"column":57}},{"start":{"line":74,"column":60},"end":{"line":74,"column":null}}]},"5":{"loc":{"start":{"line":77,"column":8},"end":{"line":89,"column":null}},"type":"if","locations":[{"start":{"line":77,"column":8},"end":{"line":89,"column":null}},{"start":{"line":77,"column":8},"end":{"line":89,"column":null}}]},"6":{"loc":{"start":{"line":109,"column":14},"end":{"line":109,"column":49}},"type":"cond-expr","locations":[{"start":{"line":109,"column":14},"end":{"line":109,"column":49}},{"start":{"line":110,"column":14},"end":{"line":110,"column":43}}]},"7":{"loc":{"start":{"line":113,"column":48},"end":{"line":113,"column":57}},"type":"cond-expr","locations":[{"start":{"line":113,"column":48},"end":{"line":113,"column":57}},{"start":{"line":113,"column":60},"end":{"line":113,"column":null}}]},"8":{"loc":{"start":{"line":124,"column":14},"end":{"line":124,"column":49}},"type":"cond-expr","locations":[{"start":{"line":124,"column":14},"end":{"line":124,"column":49}},{"start":{"line":125,"column":14},"end":{"line":125,"column":49}}]},"9":{"loc":{"start":{"line":138,"column":8},"end":{"line":174,"column":null}},"type":"if","locations":[{"start":{"line":138,"column":8},"end":{"line":174,"column":null}},{"start":{"line":138,"column":8},"end":{"line":174,"column":null}}]},"10":{"loc":{"start":{"line":139,"column":12},"end":{"line":139,"column":53}},"type":"binary-expr","locations":[{"start":{"line":139,"column":12},"end":{"line":139,"column":53}},{"start":{"line":140,"column":13},"end":{"line":140,"column":59}},{"start":{"line":140,"column":63},"end":{"line":140,"column":103}}]},"11":{"loc":{"start":{"line":143,"column":12},"end":{"line":148,"column":null}},"type":"if","locations":[{"start":{"line":143,"column":12},"end":{"line":148,"column":null}},{"start":{"line":143,"column":12},"end":{"line":148,"column":null}}]},"12":{"loc":{"start":{"line":146,"column":19},"end":{"line":148,"column":null}},"type":"if","locations":[{"start":{"line":146,"column":19},"end":{"line":148,"column":null}},{"start":{"line":146,"column":19},"end":{"line":148,"column":null}}]},"13":{"loc":{"start":{"line":146,"column":23},"end":{"line":146,"column":65}},"type":"binary-expr","locations":[{"start":{"line":146,"column":23},"end":{"line":146,"column":65}},{"start":{"line":146,"column":69},"end":{"line":146,"column":109}}]},"14":{"loc":{"start":{"line":150,"column":15},"end":{"line":174,"column":null}},"type":"if","locations":[{"start":{"line":150,"column":15},"end":{"line":174,"column":null}},{"start":{"line":150,"column":15},"end":{"line":174,"column":null}}]},"15":{"loc":{"start":{"line":151,"column":12},"end":{"line":151,"column":53}},"type":"binary-expr","locations":[{"start":{"line":151,"column":12},"end":{"line":151,"column":53}},{"start":{"line":152,"column":12},"end":{"line":152,"column":67}}]},"16":{"loc":{"start":{"line":160,"column":15},"end":{"line":174,"column":null}},"type":"if","locations":[{"start":{"line":160,"column":15},"end":{"line":174,"column":null}},{"start":{"line":160,"column":15},"end":{"line":174,"column":null}}]},"17":{"loc":{"start":{"line":161,"column":12},"end":{"line":161,"column":59}},"type":"binary-expr","locations":[{"start":{"line":161,"column":12},"end":{"line":161,"column":59}},{"start":{"line":162,"column":12},"end":{"line":162,"column":53}},{"start":{"line":163,"column":12},"end":{"line":163,"column":68}}]},"18":{"loc":{"start":{"line":180,"column":8},"end":{"line":187,"column":null}},"type":"if","locations":[{"start":{"line":180,"column":8},"end":{"line":187,"column":null}},{"start":{"line":180,"column":8},"end":{"line":187,"column":null}}]},"19":{"loc":{"start":{"line":193,"column":8},"end":{"line":211,"column":null}},"type":"if","locations":[{"start":{"line":193,"column":8},"end":{"line":211,"column":null}},{"start":{"line":193,"column":8},"end":{"line":211,"column":null}}]},"20":{"loc":{"start":{"line":221,"column":8},"end":{"line":225,"column":null}},"type":"if","locations":[{"start":{"line":221,"column":8},"end":{"line":225,"column":null}},{"start":{"line":221,"column":8},"end":{"line":225,"column":null}}]},"21":{"loc":{"start":{"line":223,"column":15},"end":{"line":225,"column":null}},"type":"if","locations":[{"start":{"line":223,"column":15},"end":{"line":225,"column":null}},{"start":{"line":223,"column":15},"end":{"line":225,"column":null}}]},"22":{"loc":{"start":{"line":228,"column":8},"end":{"line":236,"column":null}},"type":"if","locations":[{"start":{"line":228,"column":8},"end":{"line":236,"column":null}},{"start":{"line":228,"column":8},"end":{"line":236,"column":null}}]},"23":{"loc":{"start":{"line":228,"column":12},"end":{"line":228,"column":50}},"type":"binary-expr","locations":[{"start":{"line":228,"column":12},"end":{"line":228,"column":50}},{"start":{"line":228,"column":54},"end":{"line":228,"column":88}}]},"24":{"loc":{"start":{"line":247,"column":8},"end":{"line":257,"column":null}},"type":"if","locations":[{"start":{"line":247,"column":8},"end":{"line":257,"column":null}},{"start":{"line":247,"column":8},"end":{"line":257,"column":null}}]},"25":{"loc":{"start":{"line":260,"column":8},"end":{"line":267,"column":null}},"type":"if","locations":[{"start":{"line":260,"column":8},"end":{"line":267,"column":null}},{"start":{"line":260,"column":8},"end":{"line":267,"column":null}}]},"26":{"loc":{"start":{"line":261,"column":12},"end":{"line":261,"column":45}},"type":"binary-expr","locations":[{"start":{"line":261,"column":12},"end":{"line":261,"column":45}},{"start":{"line":262,"column":13},"end":{"line":262,"column":51}},{"start":{"line":262,"column":55},"end":{"line":262,"column":99}}]},"27":{"loc":{"start":{"line":269,"column":8},"end":{"line":273,"column":null}},"type":"if","locations":[{"start":{"line":269,"column":8},"end":{"line":273,"column":null}},{"start":{"line":269,"column":8},"end":{"line":273,"column":null}}]},"28":{"loc":{"start":{"line":269,"column":12},"end":{"line":269,"column":44}},"type":"binary-expr","locations":[{"start":{"line":269,"column":12},"end":{"line":269,"column":44}},{"start":{"line":269,"column":48},"end":{"line":269,"column":91}}]},"29":{"loc":{"start":{"line":302,"column":8},"end":{"line":313,"column":null}},"type":"if","locations":[{"start":{"line":302,"column":8},"end":{"line":313,"column":null}},{"start":{"line":302,"column":8},"end":{"line":313,"column":null}}]},"30":{"loc":{"start":{"line":308,"column":15},"end":{"line":313,"column":null}},"type":"if","locations":[{"start":{"line":308,"column":15},"end":{"line":313,"column":null}},{"start":{"line":308,"column":15},"end":{"line":313,"column":null}}]},"31":{"loc":{"start":{"line":334,"column":8},"end":{"line":345,"column":null}},"type":"if","locations":[{"start":{"line":334,"column":8},"end":{"line":345,"column":null}},{"start":{"line":334,"column":8},"end":{"line":345,"column":null}}]},"32":{"loc":{"start":{"line":340,"column":15},"end":{"line":345,"column":null}},"type":"if","locations":[{"start":{"line":340,"column":15},"end":{"line":345,"column":null}},{"start":{"line":340,"column":15},"end":{"line":345,"column":null}}]}},"s":{"0":1,"1":1,"2":1,"3":1,"4":3,"5":3,"6":3,"7":3,"8":0,"9":3,"10":3,"11":3,"12":3,"13":3,"14":3,"15":3,"16":3,"17":3,"18":3,"19":3,"20":3,"21":3,"22":3,"23":3,"24":3,"25":3,"26":0,"27":0,"28":3,"29":3,"30":3,"31":3,"32":7,"33":3,"34":3,"35":3,"36":3,"37":3,"38":3,"39":3,"40":3,"41":3,"42":3,"43":3,"44":3,"45":3,"46":3,"47":3,"48":3,"49":3,"50":3,"51":3,"52":3,"53":3,"54":3,"55":3,"56":0,"57":0,"58":0,"59":0,"60":0,"61":0,"62":0,"63":3,"64":0,"65":0,"66":0,"67":0,"68":0,"69":3,"70":3,"71":3,"72":3,"73":3,"74":3,"75":3,"76":3,"77":3,"78":3,"79":3,"80":3,"81":3,"82":2,"83":2,"84":2,"85":2,"86":1,"87":3,"88":1,"89":1,"90":1,"91":1,"92":1,"93":1,"94":1,"95":1,"96":1,"97":1,"98":1,"99":0,"100":3,"101":3,"102":3,"103":3,"104":1,"105":2,"106":2,"107":3,"108":3,"109":1,"110":3,"111":3,"112":3,"113":3,"114":0,"115":0,"116":3,"117":3,"118":3,"119":3,"120":2,"121":1,"122":3,"123":1,"124":3,"125":3,"126":3,"127":3,"128":3,"129":3,"130":3,"131":3,"132":3,"133":3,"134":3,"135":1,"136":2,"137":2,"138":3,"139":3,"140":3,"141":3,"142":3,"143":3,"144":3,"145":3,"146":3,"147":3,"148":1,"149":2,"150":2,"151":3,"152":3,"153":1},"f":{"0":3,"1":3,"2":3,"3":3,"4":7,"5":3,"6":3,"7":0,"8":3,"9":1,"10":3,"11":3,"12":3},"b":{"0":[0,3],"1":[0,3],"2":[0,3],"3":[0,3],"4":[1,2],"5":[0,3],"6":[0,3],"7":[1,2],"8":[0,3],"9":[0,3],"10":[3,0,0],"11":[0,0],"12":[0,0],"13":[0,0],"14":[0,3],"15":[3,0],"16":[3,0],"17":[3,3,3],"18":[2,1],"19":[1,0],"20":[1,2],"21":[2,0],"22":[1,2],"23":[3,2],"24":[0,3],"25":[2,1],"26":[3,2,2],"27":[1,2],"28":[3,3],"29":[1,2],"30":[2,0],"31":[1,2],"32":[2,0]}}
,"/Users/dannydavies/Documents/tfn/fares-data-build-tool/repos/fdbt-netex-output/src/netex-convertor/period-tickets/periodTicketNetexHelpers.ts": {"path":"/Users/dannydavies/Documents/tfn/fares-data-build-tool/repos/fdbt-netex-output/src/netex-convertor/period-tickets/periodTicketNetexHelpers.ts","statementMap":{"0":{"start":{"line":1,"column":0},"end":{"line":1,"column":null}},"1":{"start":{"line":29,"column":0},"end":{"line":29,"column":null}},"2":{"start":{"line":40,"column":13},"end":{"line":41,"column":53}},"3":{"start":{"line":41,"column":5},"end":{"line":41,"column":52}},"4":{"start":{"line":43,"column":13},"end":{"line":44,"column":76}},"5":{"start":{"line":44,"column":5},"end":{"line":44,"column":75}},"6":{"start":{"line":46,"column":13},"end":{"line":48,"column":76}},"7":{"start":{"line":47,"column":5},"end":{"line":48,"column":75}},"8":{"start":{"line":50,"column":13},"end":{"line":60,"column":3}},"9":{"start":{"line":50,"column":102},"end":{"line":60,"column":2}},"10":{"start":{"line":62,"column":13},"end":{"line":67,"column":8}},"11":{"start":{"line":63,"column":4},"end":{"line":67,"column":7}},"12":{"start":{"line":63,"column":31},"end":{"line":67,"column":6}},"13":{"start":{"line":69,"column":13},"end":{"line":74,"column":8}},"14":{"start":{"line":70,"column":4},"end":{"line":74,"column":7}},"15":{"start":{"line":70,"column":31},"end":{"line":74,"column":6}},"16":{"start":{"line":76,"column":28},"end":{"line":86,"column":1}},"17":{"start":{"line":79,"column":42},"end":{"line":79,"column":44}},"18":{"start":{"line":81,"column":4},"end":{"line":83,"column":null}},"19":{"start":{"line":82,"column":8},"end":{"line":82,"column":107}},"20":{"start":{"line":82,"column":80},"end":{"line":82,"column":105}},"21":{"start":{"line":85,"column":4},"end":{"line":85,"column":66}},"22":{"start":{"line":88,"column":13},"end":{"line":135,"column":2}},"23":{"start":{"line":93,"column":28},"end":{"line":93,"column":30}},"24":{"start":{"line":95,"column":4},"end":{"line":114,"column":null}},"25":{"start":{"line":96,"column":8},"end":{"line":113,"column":11}},"26":{"start":{"line":97,"column":36},"end":{"line":97,"column":90}},"27":{"start":{"line":97,"column":59},"end":{"line":97,"column":89}},"28":{"start":{"line":99,"column":12},"end":{"line":112,"column":16}},"29":{"start":{"line":99,"column":61},"end":{"line":112,"column":14}},"30":{"start":{"line":116,"column":4},"end":{"line":133,"column":6}},"31":{"start":{"line":118,"column":64},"end":{"line":131,"column":16}},"32":{"start":{"line":134,"column":4},"end":{"line":134,"column":21}},"33":{"start":{"line":137,"column":13},"end":{"line":143,"column":13}},"34":{"start":{"line":138,"column":4},"end":{"line":143,"column":12}},"35":{"start":{"line":139,"column":64},"end":{"line":142,"column":12}},"36":{"start":{"line":145,"column":13},"end":{"line":290,"column":2}},"37":{"start":{"line":150,"column":31},"end":{"line":152,"column":34}},"38":{"start":{"line":153,"column":17},"end":{"line":153,"column":49}},"39":{"start":{"line":154,"column":23},"end":{"line":154,"column":54}},"40":{"start":{"line":156,"column":4},"end":{"line":289,"column":8}},"41":{"start":{"line":156,"column":53},"end":{"line":289,"column":6}},"42":{"start":{"line":292,"column":28},"end":{"line":423,"column":1}},"43":{"start":{"line":296,"column":17},"end":{"line":296,"column":60}},"44":{"start":{"line":297,"column":23},"end":{"line":297,"column":54}},"45":{"start":{"line":299,"column":4},"end":{"line":422,"column":8}},"46":{"start":{"line":299,"column":53},"end":{"line":422,"column":6}},"47":{"start":{"line":425,"column":24},"end":{"line":453,"column":7}},"48":{"start":{"line":426,"column":4},"end":{"line":453,"column":7}},"49":{"start":{"line":426,"column":46},"end":{"line":453,"column":6}},"50":{"start":{"line":455,"column":13},"end":{"line":464,"column":2}},"51":{"start":{"line":459,"column":4},"end":{"line":461,"column":null}},"52":{"start":{"line":460,"column":8},"end":{"line":460,"column":71}},"53":{"start":{"line":463,"column":4},"end":{"line":463,"column":63}},"54":{"start":{"line":466,"column":13},"end":{"line":522,"column":7}},"55":{"start":{"line":470,"column":4},"end":{"line":522,"column":6}},"56":{"start":{"line":471,"column":8},"end":{"line":521,"column":11}},"57":{"start":{"line":472,"column":42},"end":{"line":472,"column":90}},"58":{"start":{"line":472,"column":73},"end":{"line":472,"column":90}},"59":{"start":{"line":474,"column":49},"end":{"line":491,"column":13}},"60":{"start":{"line":475,"column":43},"end":{"line":489,"column":18}},"61":{"start":{"line":476,"column":20},"end":{"line":488,"column":22}},"62":{"start":{"line":490,"column":16},"end":{"line":490,"column":42}},"63":{"start":{"line":493,"column":51},"end":{"line":510,"column":13}},"64":{"start":{"line":494,"column":50},"end":{"line":508,"column":18}},"65":{"start":{"line":495,"column":20},"end":{"line":507,"column":22}},"66":{"start":{"line":509,"column":16},"end":{"line":509,"column":49}},"67":{"start":{"line":511,"column":12},"end":{"line":520,"column":14}},"68":{"start":{"line":524,"column":48},"end":{"line":541,"column":2}},"69":{"start":{"line":528,"column":20},"end":{"line":541,"column":2}},"70":{"start":{"line":543,"column":44},"end":{"line":552,"column":2}},"71":{"start":{"line":543,"column":112},"end":{"line":552,"column":2}},"72":{"start":{"line":554,"column":13},"end":{"line":639,"column":2}},"73":{"start":{"line":559,"column":30},"end":{"line":559,"column":46}},"74":{"start":{"line":560,"column":4},"end":{"line":638,"column":7}},"75":{"start":{"line":564,"column":8},"end":{"line":570,"column":null}},"76":{"start":{"line":565,"column":12},"end":{"line":565,"column":77}},"77":{"start":{"line":566,"column":15},"end":{"line":570,"column":null}},"78":{"start":{"line":567,"column":12},"end":{"line":567,"column":77}},"79":{"start":{"line":569,"column":12},"end":{"line":569,"column":32}},"80":{"start":{"line":572,"column":8},"end":{"line":579,"column":null}},"81":{"start":{"line":576,"column":12},"end":{"line":576,"column":119}},"82":{"start":{"line":578,"column":12},"end":{"line":578,"column":100}},"83":{"start":{"line":581,"column":8},"end":{"line":591,"column":null}},"84":{"start":{"line":582,"column":12},"end":{"line":585,"column":15}},"85":{"start":{"line":587,"column":12},"end":{"line":590,"column":15}},"86":{"start":{"line":593,"column":8},"end":{"line":637,"column":10}},"87":{"start":{"line":641,"column":13},"end":{"line":660,"column":2}},"88":{"start":{"line":642,"column":26},"end":{"line":657,"column":6}},"89":{"start":{"line":643,"column":23},"end":{"line":643,"column":60}},"90":{"start":{"line":644,"column":21},"end":{"line":644,"column":58}},"91":{"start":{"line":645,"column":32},"end":{"line":645,"column":60}},"92":{"start":{"line":646,"column":26},"end":{"line":646,"column":32}},"93":{"start":{"line":647,"column":8},"end":{"line":650,"column":null}},"94":{"start":{"line":648,"column":12},"end":{"line":648,"column":58}},"95":{"start":{"line":649,"column":12},"end":{"line":649,"column":36}},"96":{"start":{"line":651,"column":8},"end":{"line":656,"column":10}},"97":{"start":{"line":659,"column":4},"end":{"line":659,"column":47}},"98":{"start":{"line":659,"column":41},"end":{"line":659,"column":45}},"99":{"start":{"line":662,"column":31},"end":{"line":694,"column":2}},"100":{"start":{"line":666,"column":19},"end":{"line":694,"column":2}},"101":{"start":{"line":696,"column":27},"end":{"line":715,"column":2}},"102":{"start":{"line":699,"column":19},"end":{"line":715,"column":2}},"103":{"start":{"line":717,"column":30},"end":{"line":751,"column":1}},"104":{"start":{"line":718,"column":18},"end":{"line":727,"column":12}},"105":{"start":{"line":729,"column":4},"end":{"line":750,"column":8}},"106":{"start":{"line":729,"column":55},"end":{"line":750,"column":6}},"107":{"start":{"line":753,"column":29},"end":{"line":807,"column":1}},"108":{"start":{"line":754,"column":30},"end":{"line":754,"column":32}},"109":{"start":{"line":756,"column":4},"end":{"line":771,"column":null}},"110":{"start":{"line":757,"column":8},"end":{"line":770,"column":10}},"111":{"start":{"line":773,"column":4},"end":{"line":806,"column":6}},"112":{"start":{"line":809,"column":13},"end":{"line":855,"column":2}},"113":{"start":{"line":813,"column":34},"end":{"line":846,"column":6}},"114":{"start":{"line":814,"column":36},"end":{"line":814,"column":38}},"115":{"start":{"line":815,"column":39},"end":{"line":815,"column":41}},"116":{"start":{"line":816,"column":35},"end":{"line":816,"column":116}},"117":{"start":{"line":818,"column":8},"end":{"line":829,"column":null}},"118":{"start":{"line":819,"column":12},"end":{"line":819,"column":81}},"119":{"start":{"line":820,"column":12},"end":{"line":825,"column":14}},"120":{"start":{"line":826,"column":15},"end":{"line":829,"column":null}},"121":{"start":{"line":827,"column":12},"end":{"line":827,"column":81}},"122":{"start":{"line":828,"column":12},"end":{"line":828,"column":85}},"123":{"start":{"line":831,"column":8},"end":{"line":840,"column":null}},"124":{"start":{"line":835,"column":12},"end":{"line":839,"column":14}},"125":{"start":{"line":842,"column":8},"end":{"line":845,"column":10}},"126":{"start":{"line":848,"column":4},"end":{"line":848,"column":75}},"127":{"start":{"line":850,"column":4},"end":{"line":852,"column":null}},"128":{"start":{"line":851,"column":8},"end":{"line":851,"column":70}},"129":{"start":{"line":854,"column":4},"end":{"line":854,"column":33}},"130":{"start":{"line":857,"column":13},"end":{"line":928,"column":2}},"131":{"start":{"line":861,"column":26},"end":{"line":892,"column":7}},"132":{"start":{"line":861,"column":56},"end":{"line":892,"column":6}},"133":{"start":{"line":893,"column":4},"end":{"line":926,"column":null}},"134":{"start":{"line":894,"column":8},"end":{"line":925,"column":11}},"135":{"start":{"line":927,"column":4},"end":{"line":927,"column":25}},"136":{"start":{"line":930,"column":13},"end":{"line":951,"column":2}},"137":{"start":{"line":931,"column":36},"end":{"line":942,"column":6}},"138":{"start":{"line":943,"column":20},"end":{"line":947,"column":7}},"139":{"start":{"line":943,"column":50},"end":{"line":947,"column":6}},"140":{"start":{"line":949,"column":4},"end":{"line":949,"column":57}},"141":{"start":{"line":950,"column":4},"end":{"line":950,"column":17}}},"fnMap":{"0":{"name":"(anonymous_0)","decl":{"start":{"line":40,"column":31},"end":{"line":40,"column":32}},"loc":{"start":{"line":41,"column":5},"end":{"line":41,"column":52}}},"1":{"name":"(anonymous_1)","decl":{"start":{"line":43,"column":36},"end":{"line":43,"column":37}},"loc":{"start":{"line":44,"column":5},"end":{"line":44,"column":75}}},"2":{"name":"(anonymous_2)","decl":{"start":{"line":46,"column":40},"end":{"line":46,"column":41}},"loc":{"start":{"line":47,"column":5},"end":{"line":48,"column":75}}},"3":{"name":"(anonymous_3)","decl":{"start":{"line":50,"column":41},"end":{"line":50,"column":42}},"loc":{"start":{"line":50,"column":102},"end":{"line":60,"column":2}}},"4":{"name":"(anonymous_4)","decl":{"start":{"line":62,"column":42},"end":{"line":62,"column":43}},"loc":{"start":{"line":63,"column":4},"end":{"line":67,"column":7}}},"5":{"name":"(anonymous_5)","decl":{"start":{"line":63,"column":14},"end":{"line":63,"column":15}},"loc":{"start":{"line":63,"column":31},"end":{"line":67,"column":6}}},"6":{"name":"(anonymous_6)","decl":{"start":{"line":69,"column":47},"end":{"line":69,"column":48}},"loc":{"start":{"line":70,"column":4},"end":{"line":74,"column":7}}},"7":{"name":"(anonymous_7)","decl":{"start":{"line":70,"column":14},"end":{"line":70,"column":15}},"loc":{"start":{"line":70,"column":31},"end":{"line":74,"column":6}}},"8":{"name":"(anonymous_8)","decl":{"start":{"line":76,"column":28},"end":{"line":76,"column":null}},"loc":{"start":{"line":78,"column":23},"end":{"line":86,"column":1}}},"9":{"name":"(anonymous_9)","decl":{"start":{"line":82,"column":68},"end":{"line":82,"column":76}},"loc":{"start":{"line":82,"column":80},"end":{"line":82,"column":105}}},"10":{"name":"(anonymous_10)","decl":{"start":{"line":88,"column":28},"end":{"line":88,"column":null}},"loc":{"start":{"line":92,"column":12},"end":{"line":135,"column":1}}},"11":{"name":"(anonymous_11)","decl":{"start":{"line":96,"column":65},"end":{"line":96,"column":66}},"loc":{"start":{"line":96,"column":86},"end":{"line":113,"column":9}}},"12":{"name":"(anonymous_12)","decl":{"start":{"line":97,"column":54},"end":{"line":97,"column":55}},"loc":{"start":{"line":97,"column":59},"end":{"line":97,"column":89}}},"13":{"name":"(anonymous_13)","decl":{"start":{"line":99,"column":49},"end":{"line":99,"column":56}},"loc":{"start":{"line":99,"column":61},"end":{"line":112,"column":14}}},"14":{"name":"(anonymous_14)","decl":{"start":{"line":118,"column":52},"end":{"line":118,"column":59}},"loc":{"start":{"line":118,"column":64},"end":{"line":131,"column":16}}},"15":{"name":"(anonymous_15)","decl":{"start":{"line":137,"column":30},"end":{"line":137,"column":31}},"loc":{"start":{"line":138,"column":4},"end":{"line":143,"column":12}}},"16":{"name":"(anonymous_16)","decl":{"start":{"line":139,"column":52},"end":{"line":139,"column":59}},"loc":{"start":{"line":139,"column":64},"end":{"line":142,"column":12}}},"17":{"name":"(anonymous_17)","decl":{"start":{"line":145,"column":35},"end":{"line":145,"column":null}},"loc":{"start":{"line":149,"column":19},"end":{"line":290,"column":1}}},"18":{"name":"(anonymous_18)","decl":{"start":{"line":156,"column":41},"end":{"line":156,"column":48}},"loc":{"start":{"line":156,"column":53},"end":{"line":289,"column":6}}},"19":{"name":"(anonymous_19)","decl":{"start":{"line":292,"column":28},"end":{"line":292,"column":null}},"loc":{"start":{"line":295,"column":19},"end":{"line":423,"column":1}}},"20":{"name":"(anonymous_20)","decl":{"start":{"line":299,"column":41},"end":{"line":299,"column":48}},"loc":{"start":{"line":299,"column":53},"end":{"line":422,"column":6}}},"21":{"name":"(anonymous_21)","decl":{"start":{"line":425,"column":24},"end":{"line":425,"column":25}},"loc":{"start":{"line":426,"column":4},"end":{"line":453,"column":7}}},"22":{"name":"(anonymous_22)","decl":{"start":{"line":426,"column":34},"end":{"line":426,"column":41}},"loc":{"start":{"line":426,"column":46},"end":{"line":453,"column":6}}},"23":{"name":"(anonymous_23)","decl":{"start":{"line":455,"column":40},"end":{"line":455,"column":null}},"loc":{"start":{"line":458,"column":19},"end":{"line":464,"column":1}}},"24":{"name":"(anonymous_24)","decl":{"start":{"line":466,"column":40},"end":{"line":466,"column":null}},"loc":{"start":{"line":470,"column":4},"end":{"line":522,"column":6}}},"25":{"name":"(anonymous_25)","decl":{"start":{"line":470,"column":34},"end":{"line":470,"column":41}},"loc":{"start":{"line":470,"column":44},"end":{"line":522,"column":5}}},"26":{"name":"(anonymous_26)","decl":{"start":{"line":471,"column":46},"end":{"line":471,"column":63}},"loc":{"start":{"line":471,"column":66},"end":{"line":521,"column":9}}},"27":{"name":"(anonymous_27)","decl":{"start":{"line":472,"column":42},"end":{"line":472,"column":43}},"loc":{"start":{"line":472,"column":73},"end":{"line":472,"column":90}}},"28":{"name":"(anonymous_28)","decl":{"start":{"line":474,"column":49},"end":{"line":474,"column":78}},"loc":{"start":{"line":474,"column":80},"end":{"line":491,"column":13}}},"29":{"name":"(anonymous_29)","decl":{"start":{"line":475,"column":83},"end":{"line":475,"column":84}},"loc":{"start":{"line":475,"column":111},"end":{"line":489,"column":17}}},"30":{"name":"(anonymous_30)","decl":{"start":{"line":493,"column":51},"end":{"line":493,"column":82}},"loc":{"start":{"line":493,"column":84},"end":{"line":510,"column":13}}},"31":{"name":"(anonymous_31)","decl":{"start":{"line":494,"column":86},"end":{"line":494,"column":87}},"loc":{"start":{"line":494,"column":110},"end":{"line":508,"column":17}}},"32":{"name":"(anonymous_32)","decl":{"start":{"line":524,"column":48},"end":{"line":524,"column":null}},"loc":{"start":{"line":528,"column":20},"end":{"line":541,"column":2}}},"33":{"name":"(anonymous_33)","decl":{"start":{"line":543,"column":44},"end":{"line":543,"column":45}},"loc":{"start":{"line":543,"column":112},"end":{"line":552,"column":2}}},"34":{"name":"(anonymous_34)","decl":{"start":{"line":554,"column":42},"end":{"line":554,"column":null}},"loc":{"start":{"line":558,"column":19},"end":{"line":639,"column":1}}},"35":{"name":"(anonymous_35)","decl":{"start":{"line":560,"column":41},"end":{"line":560,"column":48}},"loc":{"start":{"line":560,"column":51},"end":{"line":638,"column":5}}},"36":{"name":"(anonymous_36)","decl":{"start":{"line":641,"column":32},"end":{"line":641,"column":33}},"loc":{"start":{"line":641,"column":105},"end":{"line":660,"column":1}}},"37":{"name":"(anonymous_37)","decl":{"start":{"line":642,"column":56},"end":{"line":642,"column":63}},"loc":{"start":{"line":642,"column":66},"end":{"line":657,"column":5}}},"38":{"name":"(anonymous_38)","decl":{"start":{"line":659,"column":33},"end":{"line":659,"column":37}},"loc":{"start":{"line":659,"column":41},"end":{"line":659,"column":45}}},"39":{"name":"(anonymous_39)","decl":{"start":{"line":662,"column":31},"end":{"line":662,"column":null}},"loc":{"start":{"line":666,"column":19},"end":{"line":694,"column":2}}},"40":{"name":"(anonymous_40)","decl":{"start":{"line":696,"column":27},"end":{"line":696,"column":null}},"loc":{"start":{"line":699,"column":19},"end":{"line":715,"column":2}}},"41":{"name":"(anonymous_41)","decl":{"start":{"line":717,"column":30},"end":{"line":717,"column":31}},"loc":{"start":{"line":717,"column":103},"end":{"line":751,"column":1}}},"42":{"name":"(anonymous_42)","decl":{"start":{"line":729,"column":21},"end":{"line":729,"column":22}},"loc":{"start":{"line":729,"column":55},"end":{"line":750,"column":6}}},"43":{"name":"(anonymous_43)","decl":{"start":{"line":753,"column":29},"end":{"line":753,"column":30}},"loc":{"start":{"line":753,"column":70},"end":{"line":807,"column":1}}},"44":{"name":"(anonymous_44)","decl":{"start":{"line":809,"column":41},"end":{"line":809,"column":null}},"loc":{"start":{"line":812,"column":19},"end":{"line":855,"column":1}}},"45":{"name":"(anonymous_45)","decl":{"start":{"line":813,"column":68},"end":{"line":813,"column":69}},"loc":{"start":{"line":813,"column":96},"end":{"line":846,"column":5}}},"46":{"name":"(anonymous_46)","decl":{"start":{"line":857,"column":32},"end":{"line":857,"column":null}},"loc":{"start":{"line":860,"column":33},"end":{"line":928,"column":1}}},"47":{"name":"(anonymous_47)","decl":{"start":{"line":861,"column":43},"end":{"line":861,"column":51}},"loc":{"start":{"line":861,"column":56},"end":{"line":892,"column":6}}},"48":{"name":"(anonymous_48)","decl":{"start":{"line":930,"column":35},"end":{"line":930,"column":36}},"loc":{"start":{"line":930,"column":82},"end":{"line":951,"column":1}}},"49":{"name":"(anonymous_49)","decl":{"start":{"line":943,"column":37},"end":{"line":943,"column":45}},"loc":{"start":{"line":943,"column":50},"end":{"line":947,"column":6}}}},"branchMap":{"0":{"loc":{"start":{"line":47,"column":5},"end":{"line":47,"column":69}},"type":"binary-expr","locations":[{"start":{"line":47,"column":5},"end":{"line":47,"column":69}},{"start":{"line":48,"column":5},"end":{"line":48,"column":75}}]},"1":{"loc":{"start":{"line":81,"column":4},"end":{"line":83,"column":null}},"type":"if","locations":[{"start":{"line":81,"column":4},"end":{"line":83,"column":null}},{"start":{"line":81,"column":4},"end":{"line":83,"column":null}}]},"2":{"loc":{"start":{"line":95,"column":4},"end":{"line":114,"column":null}},"type":"if","locations":[{"start":{"line":95,"column":4},"end":{"line":114,"column":null}},{"start":{"line":95,"column":4},"end":{"line":114,"column":null}}]},"3":{"loc":{"start":{"line":104,"column":45},"end":{"line":104,"column":85}},"type":"cond-expr","locations":[{"start":{"line":104,"column":45},"end":{"line":104,"column":85}},{"start":{"line":104,"column":88},"end":{"line":104,"column":90}}]},"4":{"loc":{"start":{"line":118,"column":14},"end":{"line":131,"column":17}},"type":"cond-expr","locations":[{"start":{"line":118,"column":14},"end":{"line":131,"column":17}},{"start":{"line":132,"column":14},"end":{"line":132,"column":16}}]},"5":{"loc":{"start":{"line":139,"column":10},"end":{"line":142,"column":13}},"type":"cond-expr","locations":[{"start":{"line":139,"column":10},"end":{"line":142,"column":13}},{"start":{"line":143,"column":10},"end":{"line":143,"column":12}}]},"6":{"loc":{"start":{"line":151,"column":10},"end":{"line":151,"column":95}},"type":"cond-expr","locations":[{"start":{"line":151,"column":10},"end":{"line":151,"column":95}},{"start":{"line":152,"column":10},"end":{"line":152,"column":34}}]},"7":{"loc":{"start":{"line":459,"column":4},"end":{"line":461,"column":null}},"type":"if","locations":[{"start":{"line":459,"column":4},"end":{"line":461,"column":null}},{"start":{"line":459,"column":4},"end":{"line":461,"column":null}}]},"8":{"loc":{"start":{"line":564,"column":8},"end":{"line":570,"column":null}},"type":"if","locations":[{"start":{"line":564,"column":8},"end":{"line":570,"column":null}},{"start":{"line":564,"column":8},"end":{"line":570,"column":null}}]},"9":{"loc":{"start":{"line":566,"column":15},"end":{"line":570,"column":null}},"type":"if","locations":[{"start":{"line":566,"column":15},"end":{"line":570,"column":null}},{"start":{"line":566,"column":15},"end":{"line":570,"column":null}}]},"10":{"loc":{"start":{"line":572,"column":8},"end":{"line":579,"column":null}},"type":"if","locations":[{"start":{"line":572,"column":8},"end":{"line":579,"column":null}},{"start":{"line":572,"column":8},"end":{"line":579,"column":null}}]},"11":{"loc":{"start":{"line":573,"column":12},"end":{"line":573,"column":45}},"type":"binary-expr","locations":[{"start":{"line":573,"column":12},"end":{"line":573,"column":45}},{"start":{"line":574,"column":13},"end":{"line":574,"column":51}},{"start":{"line":574,"column":55},"end":{"line":574,"column":99}}]},"12":{"loc":{"start":{"line":581,"column":8},"end":{"line":591,"column":null}},"type":"if","locations":[{"start":{"line":581,"column":8},"end":{"line":591,"column":null}},{"start":{"line":581,"column":8},"end":{"line":591,"column":null}}]},"13":{"loc":{"start":{"line":647,"column":8},"end":{"line":650,"column":null}},"type":"if","locations":[{"start":{"line":647,"column":8},"end":{"line":650,"column":null}},{"start":{"line":647,"column":8},"end":{"line":650,"column":null}}]},"14":{"loc":{"start":{"line":676,"column":10},"end":{"line":681,"column":null}},"type":"cond-expr","locations":[{"start":{"line":676,"column":10},"end":{"line":681,"column":null}},{"start":{"line":682,"column":10},"end":{"line":682,"column":14}}]},"15":{"loc":{"start":{"line":719,"column":10},"end":{"line":719,"column":53}},"type":"cond-expr","locations":[{"start":{"line":719,"column":10},"end":{"line":719,"column":53}},{"start":{"line":720,"column":10},"end":{"line":727,"column":12}}]},"16":{"loc":{"start":{"line":756,"column":4},"end":{"line":771,"column":null}},"type":"if","locations":[{"start":{"line":756,"column":4},"end":{"line":771,"column":null}},{"start":{"line":756,"column":4},"end":{"line":771,"column":null}}]},"17":{"loc":{"start":{"line":765,"column":30},"end":{"line":765,"column":44}},"type":"cond-expr","locations":[{"start":{"line":765,"column":30},"end":{"line":765,"column":44}},{"start":{"line":766,"column":30},"end":{"line":766,"column":48}}]},"18":{"loc":{"start":{"line":764,"column":24},"end":{"line":764,"column":70}},"type":"binary-expr","locations":[{"start":{"line":764,"column":24},"end":{"line":764,"column":70}},{"start":{"line":764,"column":74},"end":{"line":764,"column":119}}]},"19":{"loc":{"start":{"line":816,"column":35},"end":{"line":816,"column":69}},"type":"binary-expr","locations":[{"start":{"line":816,"column":35},"end":{"line":816,"column":69}},{"start":{"line":816,"column":73},"end":{"line":816,"column":116}}]},"20":{"loc":{"start":{"line":818,"column":8},"end":{"line":829,"column":null}},"type":"if","locations":[{"start":{"line":818,"column":8},"end":{"line":829,"column":null}},{"start":{"line":818,"column":8},"end":{"line":829,"column":null}}]},"21":{"loc":{"start":{"line":826,"column":15},"end":{"line":829,"column":null}},"type":"if","locations":[{"start":{"line":826,"column":15},"end":{"line":829,"column":null}},{"start":{"line":826,"column":15},"end":{"line":829,"column":null}}]},"22":{"loc":{"start":{"line":831,"column":8},"end":{"line":840,"column":null}},"type":"if","locations":[{"start":{"line":831,"column":8},"end":{"line":840,"column":null}},{"start":{"line":831,"column":8},"end":{"line":840,"column":null}}]},"23":{"loc":{"start":{"line":832,"column":12},"end":{"line":832,"column":45}},"type":"binary-expr","locations":[{"start":{"line":832,"column":12},"end":{"line":832,"column":45}},{"start":{"line":833,"column":13},"end":{"line":833,"column":51}},{"start":{"line":833,"column":55},"end":{"line":833,"column":99}}]},"24":{"loc":{"start":{"line":850,"column":4},"end":{"line":852,"column":null}},"type":"if","locations":[{"start":{"line":850,"column":4},"end":{"line":852,"column":null}},{"start":{"line":850,"column":4},"end":{"line":852,"column":null}}]},"25":{"loc":{"start":{"line":893,"column":4},"end":{"line":926,"column":null}},"type":"if","locations":[{"start":{"line":893,"column":4},"end":{"line":926,"column":null}},{"start":{"line":893,"column":4},"end":{"line":926,"column":null}}]}},"s":{"0":2,"1":2,"2":2,"3":85,"4":2,"5":36,"6":2,"7":3,"8":2,"9":0,"10":2,"11":2,"12":36,"13":2,"14":2,"15":36,"16":2,"17":7,"18":7,"19":0,"20":0,"21":7,"22":2,"23":3,"24":3,"25":0,"26":0,"27":0,"28":0,"29":0,"30":3,"31":138,"32":3,"33":2,"34":7,"35":306,"36":2,"37":2,"38":2,"39":2,"40":2,"41":8,"42":2,"43":2,"44":2,"45":2,"46":4,"47":2,"48":2,"49":2,"50":2,"51":4,"52":2,"53":2,"54":2,"55":4,"56":11,"57":22,"58":88,"59":22,"60":22,"61":88,"62":22,"63":22,"64":22,"65":66,"66":22,"67":22,"68":2,"69":12,"70":2,"71":1,"72":2,"73":5,"74":5,"75":13,"76":8,"77":5,"78":5,"79":0,"80":13,"81":12,"82":1,"83":13,"84":0,"85":13,"86":13,"87":2,"88":3,"89":8,"90":8,"91":8,"92":8,"93":8,"94":2,"95":2,"96":8,"97":3,"98":8,"99":2,"100":18,"101":2,"102":16,"103":2,"104":7,"105":7,"106":7,"107":2,"108":18,"109":18,"110":16,"111":18,"112":2,"113":7,"114":18,"115":18,"116":18,"117":18,"118":12,"119":12,"120":6,"121":6,"122":6,"123":18,"124":16,"125":2,"126":7,"127":7,"128":0,"129":7,"130":2,"131":2,"132":6,"133":2,"134":1,"135":2,"136":2,"137":1,"138":1,"139":3,"140":1,"141":1},"f":{"0":85,"1":36,"2":3,"3":0,"4":2,"5":36,"6":2,"7":36,"8":7,"9":0,"10":3,"11":0,"12":0,"13":0,"14":138,"15":7,"16":306,"17":2,"18":8,"19":2,"20":4,"21":2,"22":2,"23":4,"24":4,"25":11,"26":22,"27":88,"28":22,"29":88,"30":22,"31":66,"32":12,"33":1,"3
[...]
":null}},"type":"if","locations":[{"start":{"line":209,"column":4},"end":{"line":214,"column":null}},{"start":{"line":209,"column":4},"end":{"line":214,"column":null}}]},"7":{"loc":{"start":{"line":224,"column":79},"end":{"line":224,"column":91}},"type":"cond-expr","locations":[{"start":{"line":224,"column":79},"end":{"line":224,"column":91}},{"start":{"line":224,"column":94},"end":{"line":224,"column":102}}]},"8":{"loc":{"start":{"line":319,"column":53},"end":{"line":319,"column":83}},"type":"cond-expr","locations":[{"start":{"line":319,"column":53},"end":{"line":319,"column":83}},{"start":{"line":319,"column":86},"end":{"line":319,"column":108}}]},"9":{"loc":{"start":{"line":387,"column":4},"end":{"line":418,"column":null}},"type":"if","locations":[{"start":{"line":387,"column":4},"end":{"line":418,"column":null}},{"start":{"line":387,"column":4},"end":{"line":418,"column":null}}]},"10":{"loc":{"start":{"line":390,"column":18},"end":{"line":390,"column":63}},"type":"cond-expr","locations":[{"start":{"line":390,"column":18},"end":{"line":390,"column":63}},{"start":{"line":391,"column":18},"end":{"line":391,"column":21}}]},"11":{"loc":{"start":{"line":394,"column":18},"end":{"line":394,"column":63}},"type":"cond-expr","locations":[{"start":{"line":394,"column":18},"end":{"line":394,"column":63}},{"start":{"line":395,"column":18},"end":{"line":395,"column":21}}]},"12":{"loc":{"start":{"line":398,"column":8},"end":{"line":402,"column":null}},"type":"if","locations":[{"start":{"line":398,"column":8},"end":{"line":402,"column":null}},{"start":{"line":398,"column":8},"end":{"line":402,"column":null}}]},"13":{"loc":{"start":{"line":400,"column":15},"end":{"line":402,"column":null}},"type":"if","locations":[{"start":{"line":400,"column":15},"end":{"line":402,"column":null}},{"start":{"line":400,"column":15},"end":{"line":402,"column":null}}]}},"s":{"0":2,"1":2,"2":10,"3":2,"4":3,"5":2,"6":3,"7":9,"8":2,"9":3,"10":9,"11":9,"12":2,"13":842,"14":2,"15":2,"16":8,"17":2,"18":2,"19":2,"20":6,"21":2,"22":2,"23":2,"24":6,"25":8,"26":2,"27":2,"28":6,"29":6,"30":6,"31":2,"32":14,"33":68,"34":2,"35":7,"36":34,"37":34,"38":34,"39":34,"40":50,"41":118,"42":118,"43":118,"44":2,"45":0,"46":2,"47":4,"48":4,"49":4,"50":0,"51":4,"52":2,"53":14,"54":62,"55":14,"56":14,"57":62,"58":14,"59":14,"60":14,"61":42,"62":14,"63":14,"64":2,"65":7,"66":11,"67":2,"68":4,"69":4,"70":4,"71":4,"72":6,"73":2,"74":2,"75":2,"76":1,"77":1,"78":1,"79":1,"80":0,"81":1,"82":0,"83":1,"84":2},"f":{"0":10,"1":3,"2":3,"3":9,"4":3,"5":9,"6":9,"7":842,"8":2,"9":8,"10":2,"11":6,"12":2,"13":6,"14":8,"15":2,"16":6,"17":6,"18":6,"19":14,"20":68,"21":7,"22":34,"23":50,"24":118,"25":0,"26":4,"27":14,"28":62,"29":14,"30":62,"31":14,"32":42,"33":7,"34":11,"35":4,"36":6,"37":2},"b":{"0":[10,2,9,1],"1":[3,3],"2":[8,0],"3":[0,2],"4":[8,0],"5":[0,4],"6":[0,4],"7":[2,2],"8":[2,2],"9":[1,1],"10":[0,1],"11":[1,0],"12":[0,1],"13":[0,1]}}
,"/Users/dannydavies/Documents/tfn/fares-data-build-tool/repos/fdbt-netex-output/src/netex-convertor/test-data/mockS3Event.ts": {"path":"/Users/dannydavies/Documents/tfn/fares-data-build-tool/repos/fdbt-netex-output/src/netex-convertor/test-data/mockS3Event.ts","statementMap":{"0":{"start":{"line":3,"column":0},"end":{"line":47,"column":3}},"1":{"start":{"line":3,"column":67},"end":{"line":47,"column":2}}},"fnMap":{"0":{"name":"(anonymous_0)","decl":{"start":{"line":3,"column":15},"end":{"line":3,"column":16}},"loc":{"start":{"line":3,"column":67},"end":{"line":47,"column":2}}}},"branchMap":{},"s":{"0":1,"1":1},"f":{"0":1},"b":{}}
,"/Users/dannydavies/Documents/tfn/fares-data-build-tool/repos/fdbt-netex-output/src/netex-convertor/test-data/operatorData.ts": {"path":"/Users/dannydavies/Documents/tfn/fares-data-build-tool/repos/fdbt-netex-output/src/netex-convertor/test-data/operatorData.ts","statementMap":{"0":{"start":{"line":3,"column":13},"end":{"line":13,"column":2}},"1":{"start":{"line":15,"column":13},"end":{"line":49,"column":2}}},"fnMap":{},"branchMap":{},"s":{"0":1,"1":1},"f":{},"b":{}}
,"/Users/dannydavies/Documents/tfn/fares-data-build-tool/repos/fdbt-netex-output/src/netex-emailer/handler.ts": {"path":"/Users/dannydavies/Documents/tfn/fares-data-build-tool/repos/fdbt-netex-output/src/netex-emailer/handler.ts","statementMap":{"0":{"start":{"line":2,"column":0},"end":{"line":2,"column":26}},"1":{"start":{"line":3,"column":0},"end":{"line":3,"column":36}},"2":{"start":{"line":4,"column":0},"end":{"line":4,"column":36}},"3":{"start":{"line":6,"column":0},"end":{"line":6,"column":37}},"4":{"start":{"line":7,"column":0},"end":{"line":7,"column":61}},"5":{"start":{"line":8,"column":0},"end":{"line":8,"column":53}},"6":{"start":{"line":25,"column":13},"end":{"line":32,"column":2}},"7":{"start":{"line":26,"column":4},"end":{"line":31,"column":7}},"8":{"start":{"line":42,"column":13},"end":{"line":49,"column":2}},"9":{"start":{"line":43,"column":33},"end":{"line":43,"column":64}},"10":{"start":{"line":44,"column":31},"end":{"line":44,"column":101}},"11":{"start":{"line":45,"column":4},"end":{"line":48,"column":6}},"12":{"start":{"line":51,"column":13},"end":{"line":80,"column":2}},"13":{"start":{"line":56,"column":87},"end":{"line":56,"column":99}},"14":{"start":{"line":58,"column":4},"end":{"line":79,"column":6}},"15":{"start":{"line":82,"column":13},"end":{"line":112,"column":2}},"16":{"start":{"line":83,"column":4},"end":{"line":111,"column":null}},"17":{"start":{"line":84,"column":31},"end":{"line":84,"column":55}},"18":{"start":{"line":85,"column":25},"end":{"line":85,"column":60}},"19":{"start":{"line":86,"column":33},"end":{"line":86,"column":51}},"20":{"start":{"line":87,"column":26},"end":{"line":87,"column":61}},"21":{"start":{"line":89,"column":43},"end":{"line":89,"column":91}},"22":{"start":{"line":91,"column":8},"end":{"line":93,"column":null}},"23":{"start":{"line":92,"column":12},"end":{"line":92,"column":19}},"24":{"start":{"line":95,"column":8},"end":{"line":95,"column":56}},"25":{"start":{"line":97,"column":28},"end":{"line":97,"column":90}},"26":{"start":{"line":99,"column":8},"end":{"line":101,"column":null}},"27":{"start":{"line":100,"column":12},"end":{"line":100,"column":53}},"28":{"start":{"line":103,"column":8},"end":{"line":108,"column":null}},"29":{"start":{"line":104,"column":36},"end":{"line":104,"column":59}},"30":{"start":{"line":105,"column":12},"end":{"line":105,"column":56}},"31":{"start":{"line":107,"column":12},"end":{"line":107,"column":40}},"32":{"start":{"line":110,"column":8},"end":{"line":110,"column":69}},"33":{"start":{"line":114,"column":0},"end":{"line":114,"column":35}}},"fnMap":{"0":{"name":"(anonymous_1)","decl":{"start":{"line":25,"column":37},"end":{"line":25,"column":46}},"loc":{"start":{"line":25,"column":48},"end":{"line":32,"column":1}}},"1":{"name":"(anonymous_2)","decl":{"start":{"line":42,"column":33},"end":{"line":42,"column":34}},"loc":{"start":{"line":42,"column":72},"end":{"line":49,"column":1}}},"2":{"name":"(anonymous_3)","decl":{"start":{"line":51,"column":30},"end":{"line":51,"column":null}},"loc":{"start":{"line":55,"column":18},"end":{"line":80,"column":1}}},"3":{"name":"(anonymous_4)","decl":{"start":{"line":82,"column":35},"end":{"line":82,"column":40}},"loc":{"start":{"line":82,"column":75},"end":{"line":112,"column":1}}}},"branchMap":{"0":{"loc":{"start":{"line":70,"column":12},"end":{"line":70,"column":20}},"type":"binary-expr","locations":[{"start":{"line":70,"column":12},"end":{"line":70,"column":20}},{"start":{"line":70,"column":24},"end":{"line":70,"column":29}}]},"1":{"loc":{"start":{"line":71,"column":12},"end":{"line":71,"column":28}},"type":"binary-expr","locations":[{"start":{"line":71,"column":12},"end":{"line":71,"column":28}},{"start":{"line":71,"column":32},"end":{"line":71,"column":34}}]},"2":{"loc":{"start":{"line":72,"column":12},"end":{"line":72,"column":20}},"type":"binary-expr","locations":[{"start":{"line":72,"column":12},"end":{"line":72,"column":20}},{"start":{"line":72,"column":24},"end":{"line":72,"column":26}}]},"3":{"loc":{"start":{"line":91,"column":8},"end":{"line":93,"column":null}},"type":"if","locations":[{"start":{"line":91,"column":8},"end":{"line":93,"column":null}},{"start":{"line":91,"column":8},"end":{"line":93,"column":null}}]},"4":{"loc":{"start":{"line":99,"column":8},"end":{"line":101,"column":null}},"type":"if","locations":[{"start":{"line":99,"column":8},"end":{"line":101,"column":null}},{"start":{"line":99,"column":8},"end":{"line":101,"column":null}}]},"5":{"loc":{"start":{"line":103,"column":8},"end":{"line":108,"column":null}},"type":"if","locations":[{"start":{"line":103,"column":8},"end":{"line":108,"column":null}},{"start":{"line":103,"column":8},"end":{"line":108,"column":null}}]}},"s":{"0":1,"1":1,"2":1,"3":1,"4":1,"5":1,"6":1,"7":0,"8":1,"9":1,"10":1,"11":1,"12":1,"13":1,"14":1,"15":1,"16":1,"17":1,"18":1,"19":1,"20":1,"21":1,"22":1,"23":0,"24":1,"25":1,"26":1,"27":0,"28":1,"29":1,"30":1,"31":1,"32":0,"33":1},"f":{"0":0,"1":1,"2":1,"3":1},"b":{"0":[1,1],"1":[1,1],"2":[1,0],"3":[0,1],"4":[0,1],"5":[1,0]}}
,"/Users/dannydavies/Documents/tfn/fares-data-build-tool/repos/fdbt-netex-output/src/netex-emailer/template/emailTemplate.ts": {"path":"/Users/dannydavies/Documents/tfn/fares-data-build-tool/repos/fdbt-netex-output/src/netex-emailer/template/emailTemplate.ts","statementMap":{"0":{"start":{"line":3,"column":22},"end":{"line":133,"column":1}},"1":{"start":{"line":13,"column":8},"end":{"line":18,"column":23}},"2":{"start":{"line":16,"column":16},"end":{"line":16,"column":43}},"3":{"start":{"line":21,"column":8},"end":{"line":26,"column":23}},"4":{"start":{"line":24,"column":16},"end":{"line":24,"column":40}},"5":{"start":{"line":28,"column":4},"end":{"line":132,"column":2}},"6":{"start":{"line":135,"column":0},"end":{"line":135,"column":29}}},"fnMap":{"0":{"name":"(anonymous_0)","decl":{"start":{"line":3,"column":22},"end":{"line":3,"column":null}},"loc":{"start":{"line":11,"column":12},"end":{"line":133,"column":1}}},"1":{"name":"(anonymous_1)","decl":{"start":{"line":15,"column":17},"end":{"line":15,"column":24}},"loc":{"start":{"line":15,"column":27},"end":{"line":17,"column":13}}},"2":{"name":"(anonymous_2)","decl":{"start":{"line":23,"column":17},"end":{"line":23,"column":24}},"loc":{"start":{"line":23,"column":27},"end":{"line":25,"column":13}}}},"branchMap":{"0":{"loc":{"start":{"line":13,"column":8},"end":{"line":13,"column":16}},"type":"binary-expr","locations":[{"start":{"line":13,"column":8},"end":{"line":13,"column":16}},{"start":{"line":14,"column":8},"end":{"line":18,"column":23}}]},"1":{"loc":{"start":{"line":21,"column":8},"end":{"line":21,"column":16}},"type":"binary-expr","locations":[{"start":{"line":21,"column":8},"end":{"line":21,"column":16}},{"start":{"line":22,"column":8},"end":{"line":26,"column":23}}]},"2":{"loc":{"start":{"line":90,"column":95},"end":{"line":90,"column":103}},"type":"cond-expr","locations":[{"start":{"line":90,"column":95},"end":{"line":90,"column":103}},{"start":{"line":90,"column":106},"end":{"line":90,"column":117}}]},"3":{"loc":{"start":{"line":90,"column":52},"end":{"line":90,"column":64}},"type":"binary-expr","locations":[{"start":{"line":90,"column":52},"end":{"line":90,"column":64}},{"start":{"line":90,"column":68},"end":{"line":90,"column":92}}]},"4":{"loc":{"start":{"line":100,"column":97},"end":{"line":100,"column":102}},"type":"cond-expr","locations":[{"start":{"line":100,"column":97},"end":{"line":100,"column":102}},{"start":{"line":100,"column":105},"end":{"line":100,"column":117}}]},"5":{"loc":{"start":{"line":100,"column":52},"end":{"line":100,"column":65}},"type":"binary-expr","locations":[{"start":{"line":100,"column":52},"end":{"line":100,"column":65}},{"start":{"line":100,"column":69},"end":{"line":100,"column":94}}]}},"s":{"0":1,"1":1,"2":4,"3":1,"4":0,"5":1,"6":1},"f":{"0":1,"1":4,"2":0},"b":{"0":[1,1],"1":[1,1],"2":[1,0],"3":[1,0],"4":[0,1],"5":[1,1]}}
,"/Users/dannydavies/Documents/tfn/fares-data-build-tool/repos/fdbt-netex-output/src/netex-emailer/testData/testData.ts": {"path":"/Users/dannydavies/Documents/tfn/fares-data-build-tool/repos/fdbt-netex-output/src/netex-emailer/testData/testData.ts","statementMap":{"0":{"start":{"line":3,"column":13},"end":{"line":16,"column":5830}},"1":{"start":{"line":18,"column":13},"end":{"line":62,"column":3}},"2":{"start":{"line":18,"column":79},"end":{"line":62,"column":2}}},"fnMap":{"0":{"name":"(anonymous_0)","decl":{"start":{"line":18,"column":27},"end":{"line":18,"column":28}},"loc":{"start":{"line":18,"column":79},"end":{"line":62,"column":2}}}},"branchMap":{},"s":{"0":1,"1":1,"2":1},"f":{"0":1},"b":{}}
,"/Users/dannydavies/Documents/tfn/fares-data-build-tool/repos/fdbt-netex-output/src/test-data/matchingData.ts": {"path":"/Users/dannydavies/Documents/tfn/fares-data-build-tool/repos/fdbt-netex-output/src/test-data/matchingData.ts","statementMap":{"0":{"start":{"line":10,"column":13},"end":{"line":111,"column":2}},"1":{"start":{"line":113,"column":13},"end":{"line":453,"column":2}},"2":{"start":{"line":455,"column":13},"end":{"line":799,"column":2}},"3":{"start":{"line":801,"column":13},"end":{"line":1011,"column":2}},"4":{"start":{"line":1013,"column":13},"end":{"line":1325,"column":2}},"5":{"start":{"line":1327,"column":13},"end":{"line":1608,"column":2}},"6":{"start":{"line":1610,"column":13},"end":{"line":2121,"column":2}},"7":{"start":{"line":2123,"column":13},"end":{"line":2155,"column":2}},"8":{"start":{"line":2157,"column":13},"end":{"line":2544,"column":2}}},"fnMap":{},"branchMap":{},"s":{"0":4,"1":4,"2":4,"3":4,"4":4,"5":4,"6":4,"7":4,"8":4},"f":{},"b":{}}
,"/Users/dannydavies/Documents/tfn/fares-data-build-tool/repos/fdbt-netex-output/src/types/index.ts": {"path":"/Users/dannydavies/Documents/tfn/fares-data-build-tool/repos/fdbt-netex-output/src/types/index.ts","statementMap":{"0":{"start":{"line":161,"column":13},"end":{"line":164,"column":73}},"1":{"start":{"line":162,"column":4},"end":{"line":164,"column":72}},"2":{"start":{"line":180,"column":13},"end":{"line":184,"column":87}},"3":{"start":{"line":183,"column":5},"end":{"line":184,"column":86}},"4":{"start":{"line":238,"column":13},"end":{"line":240,"column":74}},"5":{"start":{"line":239,"column":5},"end":{"line":240,"column":73}}},"fnMap":{"0":{"name":"(anonymous_0)","decl":{"start":{"line":161,"column":44},"end":{"line":161,"column":45}},"loc":{"start":{"line":162,"column":4},"end":{"line":164,"column":72}}},"1":{"name":"(anonymous_1)","decl":{"start":{"line":180,"column":53},"end":{"line":180,"column":null}},"loc":{"start":{"line":183,"column":5},"end":{"line":184,"column":86}}},"2":{"name":"(anonymous_2)","decl":{"start":{"line":238,"column":38},"end":{"line":238,"column":39}},"loc":{"start":{"line":239,"column":5},"end":{"line":240,"column":73}}}},"branchMap":{"0":{"loc":{"start":{"line":162,"column":4},"end":{"line":162,"column":56}},"type":"binary-expr","locations":[{"start":{"line":162,"column":4},"end":{"line":162,"column":56}},{"start":{"line":163,"column":5},"end":{"line":163,"column":61}},{"start":{"line":164,"column":5},"end":{"line":164,"column":72}}]},"1":{"loc":{"start":{"line":183,"column":5},"end":{"line":183,"column":75}},"type":"binary-expr","locations":[{"start":{"line":183,"column":5},"end":{"line":183,"column":75}},{"start":{"line":184,"column":5},"end":{"line":184,"column":86}}]},"2":{"loc":{"start":{"line":239,"column":5},"end":{"line":239,"column":67}},"type":"binary-expr","locations":[{"start":{"line":239,"column":5},"end":{"line":239,"column":67}},{"start":{"line":240,"column":5},"end":{"line":240,"column":73}}]}},"s":{"0":2,"1":11,"2":2,"3":19,"4":2,"5":31},"f":{"0":11,"1":19,"2":31},"b":{"0":[11,9,0],"1":[19,0],"2":[31,2]}}
,"/Users/dannydavies/Documents/tfn/fares-data-build-tool/repos/fdbt-netex-output/src/utils/s3.ts": {"path":"/Users/dannydavies/Documents/tfn/fares-data-build-tool/repos/fdbt-netex-output/src/utils/s3.ts","statementMap":{"0":{"start":{"line":2,"column":0},"end":{"line":2,"column":26}},"1":{"start":{"line":9,"column":20},"end":{"line":22,"column":1}},"2":{"start":{"line":10,"column":18},"end":{"line":10,"column":20}},"3":{"start":{"line":12,"column":4},"end":{"line":19,"column":null}},"4":{"start":{"line":13,"column":8},"end":{"line":18,"column":10}},"5":{"start":{"line":21,"column":4},"end":{"line":21,"column":31}},"6":{"start":{"line":24,"column":11},"end":{"line":24,"column":24}},"7":{"start":{"line":26,"column":13},"end":{"line":29,"column":2}},"8":{"start":{"line":27,"column":17},"end":{"line":27,"column":53}},"9":{"start":{"line":28,"column":4},"end":{"line":28,"column":46}},"10":{"start":{"line":31,"column":13},"end":{"line":52,"column":2}},"11":{"start":{"line":32,"column":4},"end":{"line":51,"column":null}},"12":{"start":{"line":33,"column":37},"end":{"line":35,"column":52}},"13":{"start":{"line":37,"column":35},"end":{"line":39,"column":69}},"14":{"start":{"line":41,"column":43},"end":{"line":44,"column":10}},"15":{"start":{"line":46,"column":37},"end":{"line":46,"column":64}},"16":{"start":{"line":48,"column":8},"end":{"line":48,"column":40}},"17":{"start":{"line":50,"column":8},"end":{"line":50,"column":66}}},"fnMap":{"0":{"name":"(anonymous_1)","decl":{"start":{"line":9,"column":20},"end":{"line":9,"column":31}},"loc":{"start":{"line":9,"column":33},"end":{"line":22,"column":1}}},"1":{"name":"(anonymous_2)","decl":{"start":{"line":26,"column":29},"end":{"line":26,"column":34}},"loc":{"start":{"line":26,"column":83},"end":{"line":29,"column":1}}},"2":{"name":"(anonymous_3)","decl":{"start":{"line":31,"column":31},"end":{"line":31,"column":36}},"loc":{"start":{"line":31,"column":90},"end":{"line":52,"column":1}}}},"branchMap":{"0":{"loc":{"start":{"line":12,"column":4},"end":{"line":19,"column":null}},"type":"if","locations":[{"start":{"line":12,"column":4},"end":{"line":19,"column":null}},{"start":{"line":12,"column":4},"end":{"line":19,"column":null}}]},"1":{"loc":{"start":{"line":28,"column":38},"end":{"line":28,"column":43}},"type":"cond-expr","locations":[{"start":{"line":28,"column":38},"end":{"line":28,"column":43}},{"start":{"line":28,"column":43},"end":{"line":28,"column":45}}]},"2":{"loc":{"start":{"line":28,"column":4},"end":{"line":28,"column":43}},"type":"binary-expr","locations":[{"start":{"line":28,"column":4},"end":{"line":28,"column":43}},{"start":{"line":28,"column":38},"end":{"line":28,"column":43}}]},"3":{"loc":{"start":{"line":28,"column":20},"end":{"line":28,"column":22}},"type":"cond-expr","locations":[{"start":{"line":28,"column":20},"end":{"line":28,"column":22}},{"start":{"line":28,"column":20},"end":{"line":28,"column":43}}]},"4":{"loc":{"start":{"line":28,"column":4},"end":{"line":28,"column":22}},"type":"binary-expr","locations":[{"start":{"line":28,"column":4},"end":{"line":28,"column":22}},{"start":{"line":28,"column":20},"end":{"line":28,"column":22}}]},"5":{"loc":{"start":{"line":31,"column":69},"end":{"line":31,"column":74}},"type":"default-arg","locations":[{"start":{"line":31,"column":69},"end":{"line":31,"column":74}}]},"6":{"loc":{"start":{"line":34,"column":14},"end":{"line":34,"column":45}},"type":"cond-expr","locations":[{"start":{"line":34,"column":14},"end":{"line":34,"column":45}},{"start":{"line":35,"column":14},"end":{"line":35,"column":52}}]},"7":{"loc":{"start":{"line":35,"column":14},"end":{"line":35,"column":46}},"type":"binary-expr","locations":[{"start":{"line":35,"column":14},"end":{"line":35,"column":46}},{"start":{"line":35,"column":50},"end":{"line":35,"column":52}}]},"8":{"loc":{"start":{"line":38,"column":14},"end":{"line":38,"column":84}},"type":"cond-expr","locations":[{"start":{"line":38,"column":14},"end":{"line":38,"column":84}},{"start":{"line":39,"column":14},"end":{"line":39,"column":69}}]}},"s":{"0":1,"1":1,"2":1,"3":1,"4":0,"5":1,"6":1,"7":1,"8":0,"9":0,"10":1,"11":0,"12":0,"13":0,"14":0,"15":0,"16":0,"17":0},"f":{"0":1,"1":0,"2":0},"b":{"0":[0,1],"1":[0,0],"2":[0,0],"3":[0,0],"4":[0,0],"5":[0],"6":[0,0],"7":[0,0],"8":[0,0]}}
}
