TN:
SF:src/netex-convertor/handler.ts
FN:44,(anonymous_7)
FN:55,(anonymous_8)
FN:57,(anonymous_9)
FN:91,(anonymous_10)
FNF:4
FNH:3
FNDA:9,(anonymous_7)
FNDA:10,(anonymous_8)
FNDA:10,(anonymous_9)
FNDA:0,(anonymous_10)
DA:2,1
DA:3,1
DA:12,1
DA:13,1
DA:14,1
DA:15,1
DA:17,1
DA:44,1
DA:45,9
DA:46,0
DA:47,0
DA:49,0
DA:51,9
DA:55,10
DA:57,1
DA:58,10
DA:59,10
DA:60,10
DA:61,10
DA:63,10
DA:65,10
DA:66,2
DA:67,2
DA:69,2
DA:70,2
DA:72,2
DA:74,2
DA:76,2
DA:77,2
DA:79,8
DA:80,7
DA:81,7
DA:82,7
DA:83,1
DA:84,1
DA:85,1
DA:86,0
DA:88,1
DA:89,0
DA:90,0
DA:91,0
DA:93,0
DA:94,0
DA:96,6
DA:101,6
DA:103,7
DA:104,7
DA:106,7
DA:108,7
DA:110,7
DA:111,6
DA:114,1
DA:121,1
DA:122,1
DA:126,1
LF:55
LH:46
BRDA:45,0,0,0
BRDA:45,0,1,9
BRDA:65,1,0,2
BRDA:65,1,1,8
BRDA:65,2,0,10
BRDA:65,2,1,8
BRDA:76,3,0,2
BRDA:76,3,1,0
BRDA:79,4,0,7
BRDA:79,4,1,1
BRDA:79,5,0,8
BRDA:79,5,1,4
BRDA:79,5,2,2
BRDA:82,6,0,1
BRDA:82,6,1,6
BRDA:83,7,0,1
BRDA:83,7,1,0
BRDA:83,8,0,1
BRDA:83,8,1,1
BRDA:85,9,0,0
BRDA:85,9,1,1
BRDA:89,10,0,0
BRDA:89,10,1,0
BRDA:96,11,0,6
BRDA:96,11,1,0
BRDA:97,12,0,6
BRDA:97,12,1,6
BRDA:97,12,2,6
BRDA:110,13,0,6
BRDA:110,13,1,1
BRDA:110,14,0,7
BRDA:110,14,1,6
BRF:32
BRH:25
end_of_record
TN:
SF:src/netex-convertor/sharedHelpers.ts
FN:21,(anonymous_1)
FN:30,(anonymous_2)
FN:41,(anonymous_3)
FN:48,(anonymous_4)
FN:51,(anonymous_5)
FN:69,(anonymous_6)
FN:84,(anonymous_7)
FN:110,(anonymous_8)
FN:131,(anonymous_9)
FN:133,(anonymous_10)
FN:141,(anonymous_11)
FN:165,(anonymous_12)
FN:178,(anonymous_13)
FN:188,(anonymous_14)
FN:199,(anonymous_15)
FNF:15
FNH:13
FNDA:10,(anonymous_1)
FNDA:4,(anonymous_2)
FNDA:4,(anonymous_3)
FNDA:45,(anonymous_4)
FNDA:12,(anonymous_5)
FNDA:17,(anonymous_6)
FNDA:0,(anonymous_7)
FNDA:0,(anonymous_8)
FNDA:5,(anonymous_9)
FNDA:5,(anonymous_10)
FNDA:9,(anonymous_11)
FNDA:2,(anonymous_12)
FNDA:9,(anonymous_13)
FNDA:11,(anonymous_14)
FNDA:141,(anonymous_15)
DA:1,5
DA:2,5
DA:3,5
DA:4,5
DA:5,5
DA:21,5
DA:22,10
DA:23,10
DA:25,10
DA:27,0
DA:30,5
DA:31,4
DA:32,4
DA:33,4
DA:35,4
DA:37,0
DA:41,5
DA:42,4
DA:43,4
DA:45,4
DA:48,5
DA:49,45
DA:51,5
DA:52,12
DA:53,0
DA:61,12
DA:69,17
DA:84,5
DA:85,0
DA:110,0
DA:131,5
DA:133,5
DA:134,5
DA:135,5
DA:136,5
DA:138,5
DA:141,9
DA:165,5
DA:166,2
DA:179,9
DA:188,5
DA:189,11
DA:196,11
DA:199,5
DA:200,141
DA:201,0
DA:204,141
LF:47
LH:41
BRDA:22,0,0,10
BRDA:22,0,1,0
BRDA:25,1,0,0
BRDA:25,1,1,10
BRDA:25,2,0,10
BRDA:25,2,1,0
BRDA:52,3,0,0
BRDA:52,3,1,12
BRDA:76,4,0,11
BRDA:76,4,1,6
BRDA:76,5,0,17
BRDA:76,5,1,8
BRDA:79,6,0,17
BRDA:79,6,1,9
BRDA:80,7,0,17
BRDA:80,7,1,9
BRDA:81,8,0,17
BRDA:81,8,1,12
BRDA:81,9,0,12
BRDA:81,9,1,5
BRDA:81,10,0,17
BRDA:81,10,1,17
BRDA:118,11,0,0
BRDA:118,11,1,0
BRDA:121,12,0,0
BRDA:121,12,1,0
BRDA:145,13,0,5
BRDA:145,13,1,4
BRDA:150,14,0,5
BRDA:150,14,1,4
BRDA:149,15,0,9
BRDA:149,15,1,5
BRDA:156,16,0,1
BRDA:156,16,1,8
BRDA:159,17,0,1
BRDA:159,17,1,8
BRDA:196,18,0,0
BRDA:196,18,1,11
BRDA:196,19,0,11
BRDA:196,19,1,11
BRDA:200,20,0,0
BRDA:200,20,1,141
BRF:42
BRH:32
end_of_record
TN:
SF:src/netex-convertor/data/auroradb.ts
FN:6,(anonymous_1)
FN:36,(anonymous_2)
FN:44,(anonymous_3)
FN:46,(anonymous_4)
FN:47,(anonymous_5)
FN:69,(anonymous_6)
FNF:6
FNH:0
FNDA:0,(anonymous_1)
FNDA:0,(anonymous_2)
FNDA:0,(anonymous_3)
FNDA:0,(anonymous_4)
FNDA:0,(anonymous_5)
FNDA:0,(anonymous_6)
DA:1,2
DA:2,2
DA:4,2
DA:6,2
DA:9,0
DA:10,0
DA:20,0
DA:31,0
DA:36,2
DA:37,0
DA:38,0
DA:40,0
DA:41,0
DA:44,2
DA:45,0
DA:46,0
DA:47,0
DA:49,0
DA:57,0
DA:59,0
DA:60,0
DA:63,0
DA:65,0
DA:69,2
DA:70,0
DA:71,0
DA:72,0
DA:74,0
DA:76,0
DA:78,0
DA:79,0
DA:82,0
DA:84,0
LF:33
LH:7
BRDA:9,0,0,0
BRDA:9,0,1,0
BRDA:9,1,0,0
BRDA:9,1,1,0
BRDA:37,2,0,0
BRDA:37,2,1,0
BRDA:59,3,0,0
BRDA:59,3,1,0
BRDA:78,4,0,0
BRDA:78,4,1,0
BRF:10
BRH:0
end_of_record
TN:
SF:src/netex-convertor/data/s3.ts
FN:4,(anonymous_1)
FN:21,(anonymous_2)
FN:41,(anonymous_3)
FNF:3
FNH:1
FNDA:1,(anonymous_1)
FNDA:0,(anonymous_2)
FNDA:0,(anonymous_3)
DA:2,1
DA:4,1
DA:5,1
DA:7,1
DA:8,0
DA:16,1
DA:19,1
DA:21,1
DA:22,0
DA:23,0
DA:24,0
DA:25,0
DA:34,0
DA:35,0
DA:37,0
DA:41,1
DA:42,0
DA:43,0
DA:45,0
DA:54,0
LF:20
LH:8
BRDA:7,0,0,0
BRDA:7,0,1,1
BRDA:33,1,0,0
BRDA:33,1,1,0
BRDA:25,2,0,0
BRDA:25,2,1,0
BRDA:33,3,0,0
BRDA:33,3,1,0
BRDA:25,4,0,0
BRDA:25,4,1,0
BRF:10
BRH:1
end_of_record
TN:
SF:src/netex-convertor/period-tickets/periodTicketNetexGenerator.ts
FN:37,(anonymous_0)
FN:43,(anonymous_1)
FN:62,(anonymous_2)
FN:69,(anonymous_3)
FN:92,(anonymous_4)
FN:106,(anonymous_5)
FN:121,(anonymous_6)
FN:155,(anonymous_7)
FN:179,(anonymous_8)
FN:192,(anonymous_9)
FN:216,(anonymous_10)
FN:295,(anonymous_11)
FN:317,(anonymous_12)
FNF:13
FNH:12
FNDA:3,(anonymous_0)
FNDA:3,(anonymous_1)
FNDA:3,(anonymous_2)
FNDA:3,(anonymous_3)
FNDA:7,(anonymous_4)
FNDA:3,(anonymous_5)
FNDA:3,(anonymous_6)
FNDA:0,(anonymous_7)
FNDA:3,(anonymous_8)
FNDA:1,(anonymous_9)
FNDA:3,(anonymous_10)
FNDA:3,(anonymous_11)
FNDA:3,(anonymous_12)
DA:1,1
DA:10,1
DA:27,1
DA:37,1
DA:41,3
DA:43,3
DA:44,3
DA:48,3
DA:49,0
DA:52,3
DA:53,3
DA:56,3
DA:57,3
DA:58,3
DA:59,3
DA:60,3
DA:62,3
DA:63,3
DA:64,3
DA:66,3
DA:69,3
DA:70,3
DA:71,3
DA:72,3
DA:73,3
DA:77,3
DA:78,0
DA:82,0
DA:85,3
DA:86,3
DA:87,3
DA:91,3
DA:92,7
DA:98,3
DA:103,3
DA:106,3
DA:107,3
DA:108,3
DA:112,3
DA:115,3
DA:116,3
DA:118,3
DA:121,3
DA:122,3
DA:123,3
DA:127,3
DA:128,3
DA:129,3
DA:130,3
DA:131,3
DA:132,3
DA:133,3
DA:134,3
DA:135,3
DA:136,3
DA:138,3
DA:142,0
DA:143,0
DA:144,0
DA:145,0
DA:146,0
DA:147,0
DA:149,0
DA:150,3
DA:154,0
DA:155,0
DA:157,0
DA:158,0
DA:159,0
DA:160,3
DA:165,3
DA:166,3
DA:167,3
DA:168,3
DA:169,3
DA:170,3
DA:171,3
DA:172,3
DA:173,3
DA:176,3
DA:179,3
DA:180,3
DA:181,2
DA:182,2
DA:184,2
DA:186,2
DA:189,1
DA:192,3
DA:193,1
DA:194,1
DA:196,1
DA:197,1
DA:198,1
DA:200,1
DA:201,1
DA:202,1
DA:203,1
DA:206,1
DA:210,1
DA:213,0
DA:216,3
DA:217,3
DA:219,3
DA:221,3
DA:222,1
DA:223,2
DA:224,2
DA:226,3
DA:228,3
DA:229,1
DA:237,3
DA:244,3
DA:245,3
DA:247,3
DA:248,0
DA:252,0
DA:254,3
DA:255,3
DA:256,3
DA:260,3
DA:264,2
DA:266,1
DA:269,3
DA:270,1
DA:276,3
DA:282,3
DA:289,3
DA:290,3
DA:292,3
DA:295,3
DA:296,3
DA:298,3
DA:299,3
DA:300,3
DA:302,3
DA:303,1
DA:308,2
DA:309,2
DA:314,3
DA:317,3
DA:318,3
DA:320,3
DA:321,3
DA:324,3
DA:328,3
DA:329,3
DA:331,3
DA:334,3
DA:335,1
DA:340,2
DA:341,2
DA:347,3
DA:350,3
DA:353,1
LF:154
LH:136
BRDA:42,0,0,0
BRDA:42,0,1,3
BRDA:45,1,0,0
BRDA:45,1,1,3
BRDA:48,2,0,0
BRDA:48,2,1,3
BRDA:54,3,0,0
BRDA:54,3,1,3
BRDA:74,4,0,1
BRDA:74,4,1,2
BRDA:77,5,0,0
BRDA:77,5,1,3
BRDA:109,6,0,0
BRDA:109,6,1,3
BRDA:113,7,0,1
BRDA:113,7,1,2
BRDA:124,8,0,0
BRDA:124,8,1,3
BRDA:138,9,0,0
BRDA:138,9,1,3
BRDA:139,10,0,3
BRDA:139,10,1,0
BRDA:139,10,2,0
BRDA:143,11,0,0
BRDA:143,11,1,0
BRDA:146,12,0,0
BRDA:146,12,1,0
BRDA:146,13,0,0
BRDA:146,13,1,0
BRDA:150,14,0,0
BRDA:150,14,1,3
BRDA:151,15,0,3
BRDA:151,15,1,0
BRDA:160,16,0,3
BRDA:160,16,1,0
BRDA:161,17,0,3
BRDA:161,17,1,3
BRDA:161,17,2,3
BRDA:180,18,0,2
BRDA:180,18,1,1
BRDA:193,19,0,1
BRDA:193,19,1,0
BRDA:221,20,0,1
BRDA:221,20,1,2
BRDA:223,21,0,2
BRDA:223,21,1,0
BRDA:228,22,0,1
BRDA:228,22,1,2
BRDA:228,23,0,3
BRDA:228,23,1,2
BRDA:247,24,0,0
BRDA:247,24,1,3
BRDA:260,25,0,2
BRDA:260,25,1,1
BRDA:261,26,0,3
BRDA:261,26,1,2
BRDA:261,26,2,2
BRDA:269,27,0,1
BRDA:269,27,1,2
BRDA:269,28,0,3
BRDA:269,28,1,3
BRDA:302,29,0,1
BRDA:302,29,1,2
BRDA:308,30,0,2
BRDA:308,30,1,0
BRDA:334,31,0,1
BRDA:334,31,1,2
BRDA:340,32,0,2
BRDA:340,32,1,0
BRF:69
BRH:45
end_of_record
TN:
SF:src/netex-convertor/period-tickets/periodTicketNetexHelpers.ts
FN:40,(anonymous_0)
FN:43,(anonymous_1)
FN:46,(anonymous_2)
FN:50,(anonymous_3)
FN:62,(anonymous_4)
FN:63,(anonymous_5)
FN:69,(anonymous_6)
FN:70,(anonymous_7)
FN:76,(anonymous_8)
FN:82,(anonymous_9)
FN:88,(anonymous_10)
FN:96,(anonymous_11)
FN:97,(anonymous_12)
FN:99,(anonymous_13)
FN:118,(anonymous_14)
FN:137,(anonymous_15)
FN:139,(anonymous_16)
FN:145,(anonymous_17)
FN:156,(anonymous_18)
FN:292,(anonymous_19)
FN:299,(anonymous_20)
FN:425,(anonymous_21)
FN:426,(anonymous_22)
FN:455,(anonymous_23)
FN:466,(anonymous_24)
FN:470,(anonymous_25)
FN:471,(anonymous_26)
FN:472,(anonymous_27)
FN:474,(anonymous_28)
FN:475,(anonymous_29)
FN:493,(anonymous_30)
FN:494,(anonymous_31)
FN:524,(anonymous_32)
FN:543,(anonymous_33)
FN:554,(anonymous_34)
FN:560,(anonymous_35)
FN:641,(anonymous_36)
FN:642,(anonymous_37)
FN:659,(anonymous_38)
FN:662,(anonymous_39)
FN:696,(anonymous_40)
FN:717,(anonymous_41)
FN:729,(anonymous_42)
FN:753,(anonymous_43)
FN:809,(anonymous_44)
FN:813,(anonymous_45)
FN:857,(anonymous_46)
FN:861,(anonymous_47)
FN:930,(anonymous_48)
FN:943,(anonymous_49)
FNF:50
FNH:45
FNDA:85,(anonymous_0)
FNDA:36,(anonymous_1)
FNDA:3,(anonymous_2)
FNDA:0,(anonymous_3)
FNDA:2,(anonymous_4)
FNDA:36,(anonymous_5)
FNDA:2,(anonymous_6)
FNDA:36,(anonymous_7)
FNDA:7,(anonymous_8)
FNDA:0,(anonymous_9)
FNDA:3,(anonymous_10)
FNDA:0,(anonymous_11)
FNDA:0,(anonymous_12)
FNDA:0,(anonymous_13)
FNDA:138,(anonymous_14)
FNDA:7,(anonymous_15)
FNDA:306,(anonymous_16)
FNDA:2,(anonymous_17)
FNDA:8,(anonymous_18)
FNDA:2,(anonymous_19)
FNDA:4,(anonymous_20)
FNDA:2,(anonymous_21)
FNDA:2,(anonymous_22)
FNDA:4,(anonymous_23)
FNDA:4,(anonymous_24)
FNDA:11,(anonymous_25)
FNDA:22,(anonymous_26)
FNDA:88,(anonymous_27)
FNDA:22,(anonymous_28)
FNDA:88,(anonymous_29)
FNDA:22,(anonymous_30)
FNDA:66,(anonymous_31)
FNDA:12,(anonymous_32)
FNDA:1,(anonymous_33)
FNDA:5,(anonymous_34)
FNDA:13,(anonymous_35)
FNDA:3,(anonymous_36)
FNDA:8,(anonymous_37)
FNDA:8,(anonymous_38)
FNDA:18,(anonymous_39)
FNDA:16,(anonymous_40)
FNDA:7,(anonymous_41)
FNDA:7,(anonymous_42)
FNDA:18,(anonymous_43)
FNDA:7,(anonymous_44)
FNDA:18,(anonymous_45)
FNDA:2,(anonymous_46)
FNDA:6,(anonymous_47)
FNDA:1,(anonymous_48)
FNDA:3,(anonymous_49)
DA:1,2
DA:29,2
DA:40,2
DA:41,85
DA:43,2
DA:44,36
DA:46,2
DA:47,3
DA:50,2
DA:62,2
DA:63,36
DA:69,2
DA:70,36
DA:76,2
DA:79,7
DA:81,7
DA:82,0
DA:85,7
DA:88,2
DA:93,3
DA:95,3
DA:96,0
DA:97,0
DA:99,0
DA:116,3
DA:118,138
DA:134,3
DA:137,2
DA:138,7
DA:139,306
DA:145,2
DA:150,2
DA:153,2
DA:154,2
DA:156,8
DA:292,2
DA:296,2
DA:297,2
DA:299,4
DA:425,2
DA:426,2
DA:455,2
DA:459,4
DA:460,2
DA:463,2
DA:466,2
DA:470,4
DA:471,11
DA:472,88
DA:474,22
DA:475,22
DA:476,88
DA:490,22
DA:493,22
DA:494,22
DA:495,66
DA:509,22
DA:511,22
DA:524,2
DA:528,12
DA:543,2
DA:554,2
DA:559,5
DA:560,5
DA:564,13
DA:565,8
DA:566,5
DA:567,5
DA:569,0
DA:572,13
DA:576,12
DA:578,1
DA:581,13
DA:582,0
DA:587,13
DA:593,13
DA:641,2
DA:642,3
DA:643,8
DA:644,8
DA:645,8
DA:646,8
DA:647,8
DA:648,2
DA:649,2
DA:651,8
DA:659,8
DA:662,2
DA:666,18
DA:696,2
DA:699,16
DA:717,2
DA:718,7
DA:729,7
DA:753,2
DA:754,18
DA:756,18
DA:757,16
DA:773,18
DA:809,2
DA:813,7
DA:814,18
DA:815,18
DA:816,18
DA:818,18
DA:819,12
DA:820,12
DA:826,6
DA:827,6
DA:828,6
DA:831,18
DA:835,16
DA:842,2
DA:848,7
DA:850,7
DA:851,0
DA:854,7
DA:857,2
DA:861,6
DA:893,2
DA:894,1
DA:927,2
DA:930,2
DA:931,1
DA:943,3
DA:949,1
DA:950,1
LF:127
LH:120
BRDA:47,0,0,3
BRDA:47,0,1,0
BRDA:81,1,0,0
BRDA:81,1,1,7
BRDA:95,2,0,0
BRDA:95,2,1,3
BRDA:104,3,0,0
BRDA:104,3,1,0
BRDA:118,4,0,3
BRDA:118,4,1,0
BRDA:139,5,0,7
BRDA:139,5,1,0
BRDA:151,6,0,0
BRDA:151,6,1,2
BRDA:459,7,0,2
BRDA:459,7,1,2
BRDA:564,8,0,8
BRDA:564,8,1,5
BRDA:566,9,0,5
BRDA:566,9,1,0
BRDA:572,10,0,12
BRDA:572,10,1,1
BRDA:573,11,0,13
BRDA:573,11,1,5
BRDA:573,11,2,5
BRDA:581,12,0,0
BRDA:581,12,1,13
BRDA:647,13,0,2
BRDA:647,13,1,6
BRDA:676,14,0,4
BRDA:676,14,1,14
BRDA:719,15,0,0
BRDA:719,15,1,7
BRDA:756,16,0,16
BRDA:756,16,1,2
BRDA:765,17,0,0
BRDA:765,17,1,16
BRDA:764,18,0,16
BRDA:764,18,1,16
BRDA:816,19,0,18
BRDA:816,19,1,18
BRDA:818,20,0,12
BRDA:818,20,1,6
BRDA:826,21,0,6
BRDA:826,21,1,0
BRDA:831,22,0,16
BRDA:831,22,1,2
BRDA:832,23,0,18
BRDA:832,23,1,6
BRDA:832,23,2,6
BRDA:850,24,0,0
BRDA:850,24,1,7
BRDA:893,25,0,1
BRDA:893,25,1,1
BRF:54
BRH:40
end_of_record
TN:
SF:src/netex-convertor/point-to-point-tickets/pointToPointTicketNetexGenerator.ts
FN:27,(anonymous_0)
FN:40,(anonymous_1)
FN:47,(anonymous_2)
FN:63,(anonymous_3)
FN:72,(anonymous_4)
FN:97,(anonymous_5)
FN:113,(anonymous_6)
FN:114,(anonymous_7)
FN:114,(anonymous_8)
FN:124,(anonymous_9)
FN:134,(anonymous_10)
FN:134,(anonymous_11)
FN:135,(anonymous_12)
FN:144,(anonymous_13)
FN:239,(anonymous_14)
FN:249,(anonymous_15)
FNF:16
FNH:10
FNDA:1,(anonymous_0)
FNDA:1,(anonymous_1)
FNDA:1,(anonymous_2)
FNDA:1,(anonymous_3)
FNDA:1,(anonymous_4)
FNDA:1,(anonymous_5)
FNDA:0,(anonymous_6)
FNDA:0,(anonymous_7)
FNDA:0,(anonymous_8)
FNDA:1,(anonymous_9)
FNDA:0,(anonymous_10)
FNDA:0,(anonymous_11)
FNDA:0,(anonymous_12)
FNDA:1,(anonymous_13)
FNDA:1,(anonymous_14)
FNDA:1,(anonymous_15)
DA:2,1
DA:15,1
DA:27,1
DA:31,1
DA:32,1
DA:33,1
DA:34,1
DA:35,1
DA:36,1
DA:37,1
DA:38,1
DA:40,1
DA:41,1
DA:42,1
DA:44,1
DA:47,1
DA:48,1
DA:49,1
DA:50,1
DA:51,1
DA:52,1
DA:53,1
DA:55,1
DA:60,1
DA:63,1
DA:64,1
DA:65,1
DA:66,1
DA:67,1
DA:69,1
DA:72,1
DA:73,1
DA:74,1
DA:75,1
DA:76,1
DA:77,1
DA:78,1
DA:80,1
DA:81,1
DA:83,1
DA:84,1
DA:85,1
DA:86,1
DA:87,1
DA:88,1
DA:89,1
DA:90,1
DA:91,1
DA:92,1
DA:94,1
DA:97,1
DA:98,1
DA:99,1
DA:100,1
DA:101,1
DA:102,1
DA:103,1
DA:104,1
DA:105,1
DA:106,1
DA:108,1
DA:109,0
DA:110,0
DA:111,0
DA:112,0
DA:113,0
DA:114,0
DA:115,1
DA:116,1
DA:121,1
DA:124,1
DA:125,1
DA:126,1
DA:128,1
DA:129,0
DA:130,0
DA:132,0
DA:134,0
DA:135,0
DA:137,1
DA:138,1
DA:141,1
DA:144,1
DA:145,1
DA:146,1
DA:148,1
DA:149,1
DA:150,1
DA:153,1
DA:154,1
DA:163,1
DA:170,1
DA:171,1
DA:172,1
DA:174,1
DA:175,0
DA:180,1
DA:181,1
DA:184,1
DA:187,1
DA:197,1
DA:200,1
DA:202,1
DA:203,1
DA:208,1
DA:209,0
DA:211,0
DA:214,0
DA:216,0
DA:219,0
DA:224,1
DA:225,0
DA:230,1
DA:231,0
DA:236,1
DA:239,1
DA:240,1
DA:241,1
DA:243,1
DA:244,1
DA:246,1
DA:249,1
DA:250,1
DA:254,1
DA:255,1
DA:258,1
DA:262,1
DA:263,1
DA:264,1
DA:265,1
DA:266,1
DA:267,1
DA:269,1
DA:272,1
DA:275,1
LF:135
LH:116
BRDA:108,0,0,0
BRDA:108,0,1,1
BRDA:115,1,0,1
BRDA:115,1,1,0
BRDA:128,2,0,0
BRDA:128,2,1,1
BRDA:137,3,0,1
BRDA:137,3,1,0
BRDA:146,4,0,0
BRDA:146,4,1,1
BRDA:153,5,0,1
BRDA:153,5,1,0
BRDA:153,6,0,1
BRDA:153,6,1,1
BRDA:174,7,0,0
BRDA:174,7,1,1
BRDA:188,8,0,0
BRDA:188,8,1,1
BRDA:208,9,0,0
BRDA:208,9,1,1
BRDA:224,10,0,0
BRDA:224,10,1,1
BRDA:230,11,0,0
BRDA:230,11,1,1
BRF:24
BRH:13
end_of_record
TN:
SF:src/netex-convertor/point-to-point-tickets/pointToPointTicketNetexHelpers.ts
FN:18,(anonymous_0)
FN:22,(anonymous_1)
FN:25,(anonymous_2)
FN:25,(anonymous_3)
FN:27,(anonymous_4)
FN:28,(anonymous_5)
FN:28,(anonymous_6)
FN:31,(anonymous_7)
FN:33,(anonymous_8)
FN:34,(anonymous_9)
FN:45,(anonymous_10)
FN:47,(anonymous_11)
FN:63,(anonymous_12)
FN:64,(anonymous_13)
FN:69,(anonymous_14)
FN:77,(anonymous_15)
FN:78,(anonymous_16)
FN:79,(anonymous_17)
FN:80,(anonymous_18)
FN:101,(anonymous_19)
FN:109,(anonymous_20)
FN:117,(anonymous_21)
FN:124,(anonymous_22)
FN:136,(anonymous_23)
FN:137,(anonymous_24)
FN:177,(anonymous_25)
FN:192,(anonymous_26)
FN:250,(anonymous_27)
FN:254,(anonymous_28)
FN:256,(anonymous_29)
FN:257,(anonymous_30)
FN:275,(anonymous_31)
FN:276,(anonymous_32)
FN:312,(anonymous_33)
FN:313,(anonymous_34)
FN:318,(anonymous_35)
FN:323,(anonymous_36)
FN:384,(anonymous_37)
FNF:38
FNH:37
FNDA:10,(anonymous_0)
FNDA:3,(anonymous_1)
FNDA:3,(anonymous_2)
FNDA:9,(anonymous_3)
FNDA:3,(anonymous_4)
FNDA:9,(anonymous_5)
FNDA:9,(anonymous_6)
FNDA:842,(anonymous_7)
FNDA:2,(anonymous_8)
FNDA:8,(anonymous_9)
FNDA:2,(anonymous_10)
FNDA:6,(anonymous_11)
FNDA:2,(anonymous_12)
FNDA:6,(anonymous_13)
FNDA:8,(anonymous_14)
FNDA:2,(anonymous_15)
FNDA:6,(anonymous_16)
FNDA:6,(anonymous_17)
FNDA:6,(anonymous_18)
FNDA:14,(anonymous_19)
FNDA:68,(anonymous_20)
FNDA:7,(anonymous_21)
FNDA:34,(anonymous_22)
FNDA:50,(anonymous_23)
FNDA:118,(anonymous_24)
FNDA:0,(anonymous_25)
FNDA:4,(anonymous_26)
FNDA:14,(anonymous_27)
FNDA:62,(anonymous_28)
FNDA:14,(anonymous_29)
FNDA:62,(anonymous_30)
FNDA:14,(anonymous_31)
FNDA:42,(anonymous_32)
FNDA:7,(anonymous_33)
FNDA:11,(anonymous_34)
FNDA:4,(anonymous_35)
FNDA:6,(anonymous_36)
FNDA:2,(anonymous_37)
DA:16,2
DA:18,2
DA:19,10
DA:22,2
DA:23,3
DA:25,9
DA:27,3
DA:28,9
DA:31,842
DA:33,2
DA:34,8
DA:45,2
DA:46,2
DA:47,6
DA:60,2
DA:63,2
DA:64,6
DA:69,8
DA:77,2
DA:78,2
DA:79,6
DA:80,6
DA:101,2
DA:109,68
DA:117,2
DA:124,7
DA:125,34
DA:126,34
DA:127,34
DA:130,34
DA:137,50
DA:138,118
DA:139,118
DA:141,118
DA:177,2
DA:192,2
DA:193,4
DA:194,4
DA:209,4
DA:210,0
DA:216,4
DA:250,2
DA:254,62
DA:256,14
DA:257,14
DA:258,62
DA:272,14
DA:275,14
DA:276,14
DA:277,42
DA:291,14
DA:294,14
DA:312,2
DA:313,7
DA:314,11
DA:318,2
DA:319,4
DA:320,4
DA:321,4
DA:323,4
DA:324,6
DA:384,2
DA:385,2
DA:387,2
DA:389,1
DA:393,1
DA:396,1
DA:398,1
DA:399,0
DA:400,1
DA:401,0
DA:404,1
DA:419,2
LF:73
LH:70
BRDA:19,0,0,10
BRDA:19,0,1,2
BRDA:19,0,2,9
BRDA:19,0,3,1
BRDA:23,1,0,3
BRDA:23,1,1,3
BRDA:36,2,0,8
BRDA:36,2,1,0
BRDA:46,3,0,0
BRDA:46,3,1,2
BRDA:70,4,0,8
BRDA:70,4,1,0
BRDA:201,5,0,0
BRDA:201,5,1,4
BRDA:209,6,0,0
BRDA:209,6,1,4
BRDA:224,7,0,2
BRDA:224,7,1,2
BRDA:319,8,0,2
BRDA:319,8,1,2
BRDA:387,9,0,1
BRDA:387,9,1,1
BRDA:390,10,0,0
BRDA:390,10,1,1
BRDA:394,11,0,1
BRDA:394,11,1,0
BRDA:398,12,0,0
BRDA:398,12,1,1
BRDA:400,13,0,0
BRDA:400,13,1,1
BRF:30
BRH:21
end_of_record
TN:
SF:src/netex-convertor/test-data/mockS3Event.ts
FN:3,(anonymous_0)
FNF:1
FNH:1
FNDA:1,(anonymous_0)
DA:3,1
LF:1
LH:1
BRF:0
BRH:0
end_of_record
TN:
SF:src/netex-convertor/test-data/operatorData.ts
FNF:0
FNH:0
DA:3,1
DA:15,1
LF:2
LH:2
BRF:0
BRH:0
end_of_record
TN:
SF:src/netex-emailer/handler.ts
FN:25,(anonymous_1)
FN:42,(anonymous_2)
FN:51,(anonymous_3)
FN:82,(anonymous_4)
FNF:4
FNH:3
FNDA:0,(anonymous_1)
FNDA:1,(anonymous_2)
FNDA:1,(anonymous_3)
FNDA:1,(anonymous_4)
DA:2,1
DA:3,1
DA:4,1
DA:6,1
DA:7,1
DA:8,1
DA:25,1
DA:26,0
DA:42,1
DA:43,1
DA:44,1
DA:45,1
DA:51,1
DA:56,1
DA:58,1
DA:82,1
DA:83,1
DA:84,1
DA:85,1
DA:86,1
DA:87,1
DA:89,1
DA:91,1
DA:92,0
DA:95,1
DA:97,1
DA:99,1
DA:100,0
DA:103,1
DA:104,1
DA:105,1
DA:107,1
DA:110,0
DA:114,1
LF:34
LH:30
BRDA:70,0,0,1
BRDA:70,0,1,1
BRDA:71,1,0,1
BRDA:71,1,1,1
BRDA:72,2,0,1
BRDA:72,2,1,0
BRDA:91,3,0,0
BRDA:91,3,1,1
BRDA:99,4,0,0
BRDA:99,4,1,1
BRDA:103,5,0,1
BRDA:103,5,1,0
BRF:12
BRH:8
end_of_record
TN:
SF:src/netex-emailer/template/emailTemplate.ts
FN:3,(anonymous_0)
FN:15,(anonymous_1)
FN:23,(anonymous_2)
FNF:3
FNH:2
FNDA:1,(anonymous_0)
FNDA:4,(anonymous_1)
FNDA:0,(anonymous_2)
DA:3,1
DA:13,1
DA:16,4
DA:21,1
DA:24,0
DA:28,1
DA:135,1
LF:7
LH:6
BRDA:13,0,0,1
BRDA:13,0,1,1
BRDA:21,1,0,1
BRDA:21,1,1,1
BRDA:90,2,0,1
BRDA:90,2,1,0
BRDA:90,3,0,1
BRDA:90,3,1,0
BRDA:100,4,0,0
BRDA:100,4,1,1
BRDA:100,5,0,1
BRDA:100,5,1,1
BRF:12
BRH:9
end_of_record
TN:
SF:src/netex-emailer/testData/testData.ts
FN:18,(anonymous_0)
FNF:1
FNH:1
FNDA:1,(anonymous_0)
DA:3,1
DA:18,1
LF:2
LH:2
BRF:0
BRH:0
end_of_record
TN:
SF:src/test-data/matchingData.ts
FNF:0
FNH:0
DA:10,4
DA:113,4
DA:455,4
DA:801,4
DA:1013,4
DA:1327,4
DA:1610,4
DA:2123,4
DA:2157,4
LF:9
LH:9
BRF:0
BRH:0
end_of_record
TN:
SF:src/types/index.ts
FN:161,(anonymous_0)
FN:180,(anonymous_1)
FN:238,(anonymous_2)
FNF:3
FNH:3
FNDA:11,(anonymous_0)
FNDA:19,(anonymous_1)
FNDA:31,(anonymous_2)
DA:161,2
DA:162,11
DA:180,2
DA:183,19
DA:238,2
DA:239,31
LF:6
LH:6
BRDA:162,0,0,11
BRDA:162,0,1,9
BRDA:162,0,2,0
BRDA:183,1,0,19
BRDA:183,1,1,0
BRDA:239,2,0,31
BRDA:239,2,1,2
BRF:7
BRH:5
end_of_record
TN:
SF:src/utils/s3.ts
FN:9,(anonymous_1)
FN:26,(anonymous_2)
FN:31,(anonymous_3)
FNF:3
FNH:1
FNDA:1,(anonymous_1)
FNDA:0,(anonymous_2)
FNDA:0,(anonymous_3)
DA:2,1
DA:9,1
DA:10,1
DA:12,1
DA:13,0
DA:21,1
DA:24,1
DA:26,1
DA:27,0
DA:28,0
DA:31,1
DA:32,0
DA:33,0
DA:37,0
DA:41,0
DA:46,0
DA:48,0
DA:50,0
LF:18
LH:8
BRDA:12,0,0,0
BRDA:12,0,1,1
BRDA:28,1,0,0
BRDA:28,1,1,0
BRDA:28,2,0,0
BRDA:28,2,1,0
BRDA:28,3,0,0
BRDA:28,3,1,0
BRDA:28,4,0,0
BRDA:28,4,1,0
BRDA:31,5,0,0
BRDA:34,6,0,0
BRDA:34,6,1,0
BRDA:35,7,0,0
BRDA:35,7,1,0
BRDA:38,8,0,0
BRDA:38,8,1,0
BRF:17
BRH:1
end_of_record
